# JRE version: Java(TM) SE Runtime Environment (8.0_101-b13) (build 1.8.0_101-b13)
# Java VM: Java HotSpot(TM) 64-Bit Server VM (25.101-b13 mixed mode windows-amd64 compressed oops)
Heap:
 PSYoungGen      total 40960K, used 34046K [0x0000000782f00000, 0x0000000785a80000, 0x00000007c0000000)
  eden space 38400K, 87% used [0x0000000782f00000,0x0000000784fccad8,0x0000000785480000)
  from space 2560K, 17% used [0x0000000785800000,0x0000000785873010,0x0000000785a80000)
  to   space 3072K, 0% used [0x0000000785480000,0x0000000785480000,0x0000000785780000)
 ParOldGen       total 125952K, used 2080K [0x0000000708c00000, 0x0000000710700000, 0x0000000782f00000)
  object space 125952K, 1% used [0x0000000708c00000,0x0000000708e08388,0x0000000710700000)
 Metaspace       used 13275K, capacity 13536K, committed 13696K, reserved 1060864K
  class space    used 1555K, capacity 1647K, committed 1664K, reserved 1048576K
GC Heap History (10 events):
Event: 83.207 GC heap before
{Heap before GC invocations=12 (full 0):
 PSYoungGen      total 42496K, used 41911K [0x0000000782f00000, 0x0000000785e80000, 0x00000007c0000000)
  eden space 40960K, 99% used [0x0000000782f00000,0x00000007856dcc88,0x0000000785700000)
  from space 1536K, 71% used [0x0000000785980000,0x0000000785a91030,0x0000000785b00000)
  to   space 3072K, 0% used [0x0000000785b80000,0x0000000785b80000,0x0000000785e80000)
 ParOldGen       total 125952K, used 1944K [0x0000000708c00000, 0x0000000710700000, 0x0000000782f00000)
  object space 125952K, 1% used [0x0000000708c00000,0x0000000708de6388,0x0000000710700000)
 Metaspace       used 13121K, capacity 13376K, committed 13696K, reserved 1060864K
  class space    used 1528K, capacity 1615K, committed 1664K, reserved 1048576K
Event: 83.210 GC heap after
Heap after GC invocations=12 (full 0):
 PSYoungGen      total 41984K, used 1028K [0x0000000782f00000, 0x0000000785d00000, 0x00000007c0000000)
  eden space 40448K, 0% used [0x0000000782f00000,0x0000000782f00000,0x0000000785680000)
  from space 1536K, 66% used [0x0000000785b80000,0x0000000785c81030,0x0000000785d00000)
  to   space 3072K, 0% used [0x0000000785700000,0x0000000785700000,0x0000000785a00000)
 ParOldGen       total 125952K, used 1968K [0x0000000708c00000, 0x0000000710700000, 0x0000000782f00000)
  object space 125952K, 1% used [0x0000000708c00000,0x0000000708dec388,0x0000000710700000)
 Metaspace       used 13121K, capacity 13376K, committed 13696K, reserved 1060864K
  class space    used 1528K, capacity 1615K, committed 1664K, reserved 1048576K
}
Event: 88.900 GC heap before
{Heap before GC invocations=13 (full 0):
 PSYoungGen      total 41984K, used 41192K [0x0000000782f00000, 0x0000000785d00000, 0x00000007c0000000)
  eden space 40448K, 99% used [0x0000000782f00000,0x00000007856390c0,0x0000000785680000)
  from space 1536K, 66% used [0x0000000785b80000,0x0000000785c81030,0x0000000785d00000)
  to   space 3072K, 0% used [0x0000000785700000,0x0000000785700000,0x0000000785a00000)
 ParOldGen       total 125952K, used 1968K [0x0000000708c00000, 0x0000000710700000, 0x0000000782f00000)
  object space 125952K, 1% used [0x0000000708c00000,0x0000000708dec388,0x0000000710700000)
 Metaspace       used 13172K, capacity 13440K, committed 13696K, reserved 1060864K
  class space    used 1535K, capacity 1615K, committed 1664K, reserved 1048576K
Event: 88.902 GC heap after
Heap after GC invocations=13 (full 0):
 PSYoungGen      total 40448K, used 460K [0x0000000782f00000, 0x0000000785c00000, 0x00000007c0000000)
  eden space 39936K, 0% used [0x0000000782f00000,0x0000000782f00000,0x0000000785600000)
  from space 512K, 89% used [0x0000000785700000,0x0000000785773010,0x0000000785780000)
  to   space 3072K, 0% used [0x0000000785900000,0x0000000785900000,0x0000000785c00000)
 ParOldGen       total 125952K, used 1992K [0x0000000708c00000, 0x0000000710700000, 0x0000000782f00000)
  object space 125952K, 1% used [0x0000000708c00000,0x0000000708df2388,0x0000000710700000)
 Metaspace       used 13172K, capacity 13440K, committed 13696K, reserved 1060864K
  class space    used 1535K, capacity 1615K, committed 1664K, reserved 1048576K
}
Event: 94.536 GC heap before
{Heap before GC invocations=14 (full 0):
 PSYoungGen      total 40448K, used 40396K [0x0000000782f00000, 0x0000000785c00000, 0x00000007c0000000)
  eden space 39936K, 100% used [0x0000000782f00000,0x0000000785600000,0x0000000785600000)
  from space 512K, 89% used [0x0000000785700000,0x0000000785773010,0x0000000785780000)
  to   space 3072K, 0% used [0x0000000785900000,0x0000000785900000,0x0000000785c00000)
 ParOldGen       total 125952K, used 1992K [0x0000000708c00000, 0x0000000710700000, 0x0000000782f00000)
  object space 125952K, 1% used [0x0000000708c00000,0x0000000708df2388,0x0000000710700000)
 Metaspace       used 13184K, capacity 13440K, committed 13696K, reserved 1060864K
  class space    used 1536K, capacity 1615K, committed 1664K, reserved 1048576K
Event: 94.537 GC heap after
Heap after GC invocations=14 (full 0):
 PSYoungGen      total 41984K, used 460K [0x0000000782f00000, 0x0000000785b80000, 0x00000007c0000000)
  eden space 39424K, 0% used [0x0000000782f00000,0x0000000782f00000,0x0000000785580000)
  from space 2560K, 17% used [0x0000000785900000,0x0000000785973010,0x0000000785b80000)
  to   space 3072K, 0% used [0x0000000785580000,0x0000000785580000,0x0000000785880000)
 ParOldGen       total 125952K, used 2024K [0x0000000708c00000, 0x0000000710700000, 0x0000000782f00000)
  object space 125952K, 1% used [0x0000000708c00000,0x0000000708dfa388,0x0000000710700000)
 Metaspace       used 13184K, capacity 13440K, committed 13696K, reserved 1060864K
  class space    used 1536K, capacity 1615K, committed 1664K, reserved 1048576K
}
Event: 100.035 GC heap before
{Heap before GC invocations=15 (full 0):
 PSYoungGen      total 41984K, used 39884K [0x0000000782f00000, 0x0000000785b80000, 0x00000007c0000000)
  eden space 39424K, 100% used [0x0000000782f00000,0x0000000785580000,0x0000000785580000)
  from space 2560K, 17% used [0x0000000785900000,0x0000000785973010,0x0000000785b80000)
  to   space 3072K, 0% used [0x0000000785580000,0x0000000785580000,0x0000000785880000)
 ParOldGen       total 125952K, used 2024K [0x0000000708c00000, 0x0000000710700000, 0x0000000782f00000)
  object space 125952K, 1% used [0x0000000708c00000,0x0000000708dfa388,0x0000000710700000)
 Metaspace       used 13199K, capacity 13440K, committed 13696K, reserved 1060864K
  class space    used 1536K, capacity 1615K, committed 1664K, reserved 1048576K
Event: 100.036 GC heap after
Heap after GC invocations=15 (full 0):
 PSYoungGen      total 39424K, used 460K [0x0000000782f00000, 0x0000000785b00000, 0x00000007c0000000)
  eden space 38912K, 0% used [0x0000000782f00000,0x0000000782f00000,0x0000000785500000)
  from space 512K, 89% used [0x0000000785580000,0x00000007855f3010,0x0000000785600000)
  to   space 3072K, 0% used [0x0000000785800000,0x0000000785800000,0x0000000785b00000)
 ParOldGen       total 125952K, used 2056K [0x0000000708c00000, 0x0000000710700000, 0x0000000782f00000)
  object space 125952K, 1% used [0x0000000708c00000,0x0000000708e02388,0x0000000710700000)
 Metaspace       used 13199K, capacity 13440K, committed 13696K, reserved 1060864K
  class space    used 1536K, capacity 1615K, committed 1664K, reserved 1048576K
}
Event: 105.650 GC heap before
{Heap before GC invocations=16 (full 0):
 PSYoungGen      total 39424K, used 39312K [0x0000000782f00000, 0x0000000785b00000, 0x00000007c0000000)
  eden space 38912K, 99% used [0x0000000782f00000,0x00000007854f1020,0x0000000785500000)
  from space 512K, 89% used [0x0000000785580000,0x00000007855f3010,0x0000000785600000)
  to   space 3072K, 0% used [0x0000000785800000,0x0000000785800000,0x0000000785b00000)
 ParOldGen       total 125952K, used 2056K [0x0000000708c00000, 0x0000000710700000, 0x0000000782f00000)
  object space 125952K, 1% used [0x0000000708c00000,0x0000000708e02388,0x0000000710700000)
 Metaspace       used 13264K, capacity 13536K, committed 13696K, reserved 1060864K
  class space    used 1553K, capacity 1647K, committed 1664K, reserved 1048576K
Event: 105.652 GC heap after
Heap after GC invocations=16 (full 0):
 PSYoungGen      total 40960K, used 460K [0x0000000782f00000, 0x0000000785a80000, 0x00000007c0000000)
  eden space 38400K, 0% used [0x0000000782f00000,0x0000000782f00000,0x0000000785480000)
  from space 2560K, 17% used [0x0000000785800000,0x0000000785873010,0x0000000785a80000)
  to   space 3072K, 0% used [0x0000000785480000,0x0000000785480000,0x0000000785780000)
 ParOldGen       total 125952K, used 2080K [0x0000000708c00000, 0x0000000710700000, 0x0000000782f00000)
  object space 125952K, 1% used [0x0000000708c00000,0x0000000708e08388,0x0000000710700000)
 Metaspace       used 13264K, capacity 13536K, committed 13696K, reserved 1060864K
  class space    used 1553K, capacity 1647K, committed 1664K, reserved 1048576K
}

