# JRE version: Java(TM) SE Runtime Environment (8.0_101-b13) (build 1.8.0_101-b13)
# Java VM: Java HotSpot(TM) 64-Bit Server VM (25.101-b13 mixed mode windows-amd64 compressed oops)
Heap:
 PSYoungGen      total 48640K, used 36129K [0x0000000782f00000, 0x0000000786500000, 0x00000007c0000000)
  eden space 46080K, 73% used [0x0000000782f00000,0x0000000785019560,0x0000000785c00000)
  from space 2560K, 87% used [0x0000000785d00000,0x0000000785f2f020,0x0000000785f80000)
  to   space 2560K, 0% used [0x0000000786280000,0x0000000786280000,0x0000000786500000)
 ParOldGen       total 125952K, used 48K [0x0000000708c00000, 0x0000000710700000, 0x0000000782f00000)
  object space 125952K, 0% used [0x0000000708c00000,0x0000000708c0c000,0x0000000710700000)
 Metaspace       used 13335K, capacity 13600K, committed 13952K, reserved 1060864K
  class space    used 1567K, capacity 1647K, committed 1664K, reserved 1048576K
GC Heap History (10 events):
Event: 8.437 GC heap before
{Heap before GC invocations=1 (full 0):
 PSYoungGen      total 54784K, used 47094K [0x0000000782f00000, 0x0000000786c00000, 0x00000007c0000000)
  eden space 47104K, 99% used [0x0000000782f00000,0x0000000785cfda10,0x0000000785d00000)
  from space 7680K, 0% used [0x0000000786480000,0x0000000786480000,0x0000000786c00000)
  to   space 7680K, 0% used [0x0000000785d00000,0x0000000785d00000,0x0000000786480000)
 ParOldGen       total 125952K, used 0K [0x0000000708c00000, 0x0000000710700000, 0x0000000782f00000)
  object space 125952K, 0% used [0x0000000708c00000,0x0000000708c00000,0x0000000710700000)
 Metaspace       used 12431K, capacity 12608K, committed 12928K, reserved 1060864K
  class space    used 1526K, capacity 1615K, committed 1664K, reserved 1048576K
Event: 8.451 GC heap after
Heap after GC invocations=1 (full 0):
 PSYoungGen      total 54784K, used 2297K [0x0000000782f00000, 0x0000000786c00000, 0x00000007c0000000)
  eden space 47104K, 0% used [0x0000000782f00000,0x0000000782f00000,0x0000000785d00000)
  from space 7680K, 29% used [0x0000000785d00000,0x0000000785f3e6d8,0x0000000786480000)
  to   space 7680K, 0% used [0x0000000786480000,0x0000000786480000,0x0000000786c00000)
 ParOldGen       total 125952K, used 16K [0x0000000708c00000, 0x0000000710700000, 0x0000000782f00000)
  object space 125952K, 0% used [0x0000000708c00000,0x0000000708c04000,0x0000000710700000)
 Metaspace       used 12431K, capacity 12608K, committed 12928K, reserved 1060864K
  class space    used 1526K, capacity 1615K, committed 1664K, reserved 1048576K
}
Event: 15.435 GC heap before
{Heap before GC invocations=2 (full 0):
 PSYoungGen      total 54784K, used 49303K [0x0000000782f00000, 0x0000000786c00000, 0x00000007c0000000)
  eden space 47104K, 99% used [0x0000000782f00000,0x0000000785ce7920,0x0000000785d00000)
  from space 7680K, 29% used [0x0000000785d00000,0x0000000785f3e6d8,0x0000000786480000)
  to   space 7680K, 0% used [0x0000000786480000,0x0000000786480000,0x0000000786c00000)
 ParOldGen       total 125952K, used 16K [0x0000000708c00000, 0x0000000710700000, 0x0000000782f00000)
  object space 125952K, 0% used [0x0000000708c00000,0x0000000708c04000,0x0000000710700000)
 Metaspace       used 12822K, capacity 12992K, committed 13184K, reserved 1060864K
  class space    used 1537K, capacity 1615K, committed 1664K, reserved 1048576K
Event: 15.446 GC heap after
Heap after GC invocations=2 (full 0):
 PSYoungGen      total 54784K, used 2172K [0x0000000782f00000, 0x0000000786c00000, 0x00000007c0000000)
  eden space 47104K, 0% used [0x0000000782f00000,0x0000000782f00000,0x0000000785d00000)
  from space 7680K, 28% used [0x0000000786480000,0x000000078669f020,0x0000000786c00000)
  to   space 7680K, 0% used [0x0000000785d00000,0x0000000785d00000,0x0000000786480000)
 ParOldGen       total 125952K, used 24K [0x0000000708c00000, 0x0000000710700000, 0x0000000782f00000)
  object space 125952K, 0% used [0x0000000708c00000,0x0000000708c06000,0x0000000710700000)
 Metaspace       used 12822K, capacity 12992K, committed 13184K, reserved 1060864K
  class space    used 1537K, capacity 1615K, committed 1664K, reserved 1048576K
}
Event: 22.944 GC heap before
{Heap before GC invocations=3 (full 0):
 PSYoungGen      total 54784K, used 49004K [0x0000000782f00000, 0x0000000786c00000, 0x00000007c0000000)
  eden space 47104K, 99% used [0x0000000782f00000,0x0000000785cbc028,0x0000000785d00000)
  from space 7680K, 28% used [0x0000000786480000,0x000000078669f020,0x0000000786c00000)
  to   space 7680K, 0% used [0x0000000785d00000,0x0000000785d00000,0x0000000786480000)
 ParOldGen       total 125952K, used 24K [0x0000000708c00000, 0x0000000710700000, 0x0000000782f00000)
  object space 125952K, 0% used [0x0000000708c00000,0x0000000708c06000,0x0000000710700000)
 Metaspace       used 13061K, capacity 13216K, committed 13440K, reserved 1060864K
  class space    used 1562K, capacity 1647K, committed 1664K, reserved 1048576K
Event: 22.953 GC heap after
Heap after GC invocations=3 (full 0):
 PSYoungGen      total 54784K, used 2220K [0x0000000782f00000, 0x0000000786c00000, 0x00000007c0000000)
  eden space 47104K, 0% used [0x0000000782f00000,0x0000000782f00000,0x0000000785d00000)
  from space 7680K, 28% used [0x0000000785d00000,0x0000000785f2b030,0x0000000786480000)
  to   space 7680K, 0% used [0x0000000786480000,0x0000000786480000,0x0000000786c00000)
 ParOldGen       total 125952K, used 32K [0x0000000708c00000, 0x0000000710700000, 0x0000000782f00000)
  object space 125952K, 0% used [0x0000000708c00000,0x0000000708c08000,0x0000000710700000)
 Metaspace       used 13061K, capacity 13216K, committed 13440K, reserved 1060864K
  class space    used 1562K, capacity 1647K, committed 1664K, reserved 1048576K
}
Event: 30.531 GC heap before
{Heap before GC invocations=4 (full 0):
 PSYoungGen      total 54784K, used 49206K [0x0000000782f00000, 0x0000000786c00000, 0x00000007c0000000)
  eden space 47104K, 99% used [0x0000000782f00000,0x0000000785ce27f0,0x0000000785d00000)
  from space 7680K, 28% used [0x0000000785d00000,0x0000000785f2b030,0x0000000786480000)
  to   space 7680K, 0% used [0x0000000786480000,0x0000000786480000,0x0000000786c00000)
 ParOldGen       total 125952K, used 32K [0x0000000708c00000, 0x0000000710700000, 0x0000000782f00000)
  object space 125952K, 0% used [0x0000000708c00000,0x0000000708c08000,0x0000000710700000)
 Metaspace       used 13192K, capacity 13408K, committed 13696K, reserved 1060864K
  class space    used 1563K, capacity 1647K, committed 1664K, reserved 1048576K
Event: 30.541 GC heap after
Heap after GC invocations=4 (full 0):
 PSYoungGen      total 54784K, used 2220K [0x0000000782f00000, 0x0000000786c00000, 0x00000007c0000000)
  eden space 47104K, 0% used [0x0000000782f00000,0x0000000782f00000,0x0000000785d00000)
  from space 7680K, 28% used [0x0000000786480000,0x00000007866ab030,0x0000000786c00000)
  to   space 7680K, 0% used [0x0000000785d00000,0x0000000785d00000,0x0000000786480000)
 ParOldGen       total 125952K, used 40K [0x0000000708c00000, 0x0000000710700000, 0x0000000782f00000)
  object space 125952K, 0% used [0x0000000708c00000,0x0000000708c0a000,0x0000000710700000)
 Metaspace       used 13192K, capacity 13408K, committed 13696K, reserved 1060864K
  class space    used 1563K, capacity 1647K, committed 1664K, reserved 1048576K
}
Event: 38.252 GC heap before
{Heap before GC invocations=5 (full 0):
 PSYoungGen      total 54784K, used 49324K [0x0000000782f00000, 0x0000000786c00000, 0x00000007c0000000)
  eden space 47104K, 100% used [0x0000000782f00000,0x0000000785d00000,0x0000000785d00000)
  from space 7680K, 28% used [0x0000000786480000,0x00000007866ab030,0x0000000786c00000)
  to   space 7680K, 0% used [0x0000000785d00000,0x0000000785d00000,0x0000000786480000)
 ParOldGen       total 125952K, used 40K [0x0000000708c00000, 0x0000000710700000, 0x0000000782f00000)
  object space 125952K, 0% used [0x0000000708c00000,0x0000000708c0a000,0x0000000710700000)
 Metaspace       used 13306K, capacity 13536K, committed 13696K, reserved 1060864K
  class space    used 1565K, capacity 1647K, committed 1664K, reserved 1048576K
Event: 38.262 GC heap after
Heap after GC invocations=5 (full 0):
 PSYoungGen      total 48640K, used 2236K [0x0000000782f00000, 0x0000000786500000, 0x00000007c0000000)
  eden space 46080K, 0% used [0x0000000782f00000,0x0000000782f00000,0x0000000785c00000)
  from space 2560K, 87% used [0x0000000785d00000,0x0000000785f2f020,0x0000000785f80000)
  to   space 2560K, 0% used [0x0000000786280000,0x0000000786280000,0x0000000786500000)
 ParOldGen       total 125952K, used 48K [0x0000000708c00000, 0x0000000710700000, 0x0000000782f00000)
  object space 125952K, 0% used [0x0000000708c00000,0x0000000708c0c000,0x0000000710700000)
 Metaspace       used 13306K, capacity 13536K, committed 13696K, reserved 1060864K
  class space    used 1565K, capacity 1647K, committed 1664K, reserved 1048576K
}

