# JRE version: Java(TM) SE Runtime Environment (8.0_101-b13) (build 1.8.0_101-b13)
# Java VM: Java HotSpot(TM) 64-Bit Server VM (25.101-b13 mixed mode windows-amd64 compressed oops)
Heap:
 PSYoungGen      total 41472K, used 33473K [0x0000000782f00000, 0x0000000785b80000, 0x00000007c0000000)
  eden space 39424K, 82% used [0x0000000782f00000,0x0000000784ef2408,0x0000000785580000)
  from space 2048K, 37% used [0x0000000785980000,0x0000000785a3e020,0x0000000785b80000)
  to   space 3072K, 0% used [0x0000000785580000,0x0000000785580000,0x0000000785880000)
 ParOldGen       total 125952K, used 2000K [0x0000000708c00000, 0x0000000710700000, 0x0000000782f00000)
  object space 125952K, 1% used [0x0000000708c00000,0x0000000708df4050,0x0000000710700000)
 Metaspace       used 12748K, capacity 12992K, committed 13184K, reserved 1060864K
  class space    used 1527K, capacity 1615K, committed 1664K, reserved 1048576K
GC Heap History (10 events):
Event: 69.900 GC heap before
{Heap before GC invocations=10 (full 0):
 PSYoungGen      total 43008K, used 42744K [0x0000000782f00000, 0x0000000786180000, 0x00000007c0000000)
  eden space 41984K, 100% used [0x0000000782f00000,0x0000000785800000,0x0000000785800000)
  from space 1024K, 74% used [0x0000000785c80000,0x0000000785d3e020,0x0000000785d80000)
  to   space 3072K, 0% used [0x0000000785e80000,0x0000000785e80000,0x0000000786180000)
 ParOldGen       total 125952K, used 1856K [0x0000000708c00000, 0x0000000710700000, 0x0000000782f00000)
  object space 125952K, 1% used [0x0000000708c00000,0x0000000708dd0050,0x0000000710700000)
 Metaspace       used 12694K, capacity 12928K, committed 13184K, reserved 1060864K
  class space    used 1513K, capacity 1615K, committed 1664K, reserved 1048576K
Event: 69.903 GC heap after
Heap after GC invocations=10 (full 0):
 PSYoungGen      total 43008K, used 1092K [0x0000000782f00000, 0x0000000786000000, 0x00000007c0000000)
  eden space 41472K, 0% used [0x0000000782f00000,0x0000000782f00000,0x0000000785780000)
  from space 1536K, 71% used [0x0000000785e80000,0x0000000785f91030,0x0000000786000000)
  to   space 3072K, 0% used [0x0000000785a00000,0x0000000785a00000,0x0000000785d00000)
 ParOldGen       total 125952K, used 1872K [0x0000000708c00000, 0x0000000710700000, 0x0000000782f00000)
  object space 125952K, 1% used [0x0000000708c00000,0x0000000708dd4050,0x0000000710700000)
 Metaspace       used 12694K, capacity 12928K, committed 13184K, reserved 1060864K
  class space    used 1513K, capacity 1615K, committed 1664K, reserved 1048576K
}
Event: 76.354 GC heap before
{Heap before GC invocations=11 (full 0):
 PSYoungGen      total 43008K, used 42564K [0x0000000782f00000, 0x0000000786000000, 0x00000007c0000000)
  eden space 41472K, 100% used [0x0000000782f00000,0x0000000785780000,0x0000000785780000)
  from space 1536K, 71% used [0x0000000785e80000,0x0000000785f91030,0x0000000786000000)
  to   space 3072K, 0% used [0x0000000785a00000,0x0000000785a00000,0x0000000785d00000)
 ParOldGen       total 125952K, used 1872K [0x0000000708c00000, 0x0000000710700000, 0x0000000782f00000)
  object space 125952K, 1% used [0x0000000708c00000,0x0000000708dd4050,0x0000000710700000)
 Metaspace       used 12694K, capacity 12928K, committed 13184K, reserved 1060864K
  class space    used 1513K, capacity 1615K, committed 1664K, reserved 1048576K
Event: 76.355 GC heap after
Heap after GC invocations=11 (full 0):
 PSYoungGen      total 41472K, used 491K [0x0000000782f00000, 0x0000000785f00000, 0x00000007c0000000)
  eden space 40960K, 0% used [0x0000000782f00000,0x0000000782f00000,0x0000000785700000)
  from space 512K, 96% used [0x0000000785a00000,0x0000000785a7aeb8,0x0000000785a80000)
  to   space 3072K, 0% used [0x0000000785c00000,0x0000000785c00000,0x0000000785f00000)
 ParOldGen       total 125952K, used 1904K [0x0000000708c00000, 0x0000000710700000, 0x0000000782f00000)
  object space 125952K, 1% used [0x0000000708c00000,0x0000000708ddc050,0x0000000710700000)
 Metaspace       used 12694K, capacity 12928K, committed 13184K, reserved 1060864K
  class space    used 1513K, capacity 1615K, committed 1664K, reserved 1048576K
}
Event: 82.632 GC heap before
{Heap before GC invocations=12 (full 0):
 PSYoungGen      total 41472K, used 41451K [0x0000000782f00000, 0x0000000785f00000, 0x00000007c0000000)
  eden space 40960K, 100% used [0x0000000782f00000,0x0000000785700000,0x0000000785700000)
  from space 512K, 96% used [0x0000000785a00000,0x0000000785a7aeb8,0x0000000785a80000)
  to   space 3072K, 0% used [0x0000000785c00000,0x0000000785c00000,0x0000000785f00000)
 ParOldGen       total 125952K, used 1904K [0x0000000708c00000, 0x0000000710700000, 0x0000000782f00000)
  object space 125952K, 1% used [0x0000000708c00000,0x0000000708ddc050,0x0000000710700000)
 Metaspace       used 12694K, capacity 12928K, committed 13184K, reserved 1060864K
  class space    used 1513K, capacity 1615K, committed 1664K, reserved 1048576K
Event: 82.634 GC heap after
Heap after GC invocations=12 (full 0):
 PSYoungGen      total 41984K, used 1056K [0x0000000782f00000, 0x0000000785d80000, 0x00000007c0000000)
  eden space 40448K, 0% used [0x0000000782f00000,0x0000000782f00000,0x0000000785680000)
  from space 1536K, 68% used [0x0000000785c00000,0x0000000785d08308,0x0000000785d80000)
  to   space 3072K, 0% used [0x0000000785780000,0x0000000785780000,0x0000000785a80000)
 ParOldGen       total 125952K, used 1928K [0x0000000708c00000, 0x0000000710700000, 0x0000000782f00000)
  object space 125952K, 1% used [0x0000000708c00000,0x0000000708de2050,0x0000000710700000)
 Metaspace       used 12694K, capacity 12928K, committed 13184K, reserved 1060864K
  class space    used 1513K, capacity 1615K, committed 1664K, reserved 1048576K
}
Event: 88.781 GC heap before
{Heap before GC invocations=13 (full 0):
 PSYoungGen      total 41984K, used 41504K [0x0000000782f00000, 0x0000000785d80000, 0x00000007c0000000)
  eden space 40448K, 100% used [0x0000000782f00000,0x0000000785680000,0x0000000785680000)
  from space 1536K, 68% used [0x0000000785c00000,0x0000000785d08308,0x0000000785d80000)
  to   space 3072K, 0% used [0x0000000785780000,0x0000000785780000,0x0000000785a80000)
 ParOldGen       total 125952K, used 1928K [0x0000000708c00000, 0x0000000710700000, 0x0000000782f00000)
  object space 125952K, 1% used [0x0000000708c00000,0x0000000708de2050,0x0000000710700000)
 Metaspace       used 12737K, capacity 12992K, committed 13184K, reserved 1060864K
  class space    used 1524K, capacity 1615K, committed 1664K, reserved 1048576K
Event: 88.783 GC heap after
Heap after GC invocations=13 (full 0):
 PSYoungGen      total 41472K, used 1090K [0x0000000782f00000, 0x0000000785c80000, 0x00000007c0000000)
  eden space 39936K, 0% used [0x0000000782f00000,0x0000000782f00000,0x0000000785600000)
  from space 1536K, 70% used [0x0000000785780000,0x0000000785890820,0x0000000785900000)
  to   space 3072K, 0% used [0x0000000785980000,0x0000000785980000,0x0000000785c80000)
 ParOldGen       total 125952K, used 1952K [0x0000000708c00000, 0x0000000710700000, 0x0000000782f00000)
  object space 125952K, 1% used [0x0000000708c00000,0x0000000708de8050,0x0000000710700000)
 Metaspace       used 12737K, capacity 12992K, committed 13184K, reserved 1060864K
  class space    used 1524K, capacity 1615K, committed 1664K, reserved 1048576K
}
Event: 96.192 GC heap before
{Heap before GC invocations=14 (full 0):
 PSYoungGen      total 41472K, used 41026K [0x0000000782f00000, 0x0000000785c80000, 0x00000007c0000000)
  eden space 39936K, 100% used [0x0000000782f00000,0x0000000785600000,0x0000000785600000)
  from space 1536K, 70% used [0x0000000785780000,0x0000000785890820,0x0000000785900000)
  to   space 3072K, 0% used [0x0000000785980000,0x0000000785980000,0x0000000785c80000)
 ParOldGen       total 125952K, used 1952K [0x0000000708c00000, 0x0000000710700000, 0x0000000782f00000)
  object space 125952K, 1% used [0x0000000708c00000,0x0000000708de8050,0x0000000710700000)
 Metaspace       used 12737K, capacity 12992K, committed 13184K, reserved 1060864K
  class space    used 1524K, capacity 1615K, committed 1664K, reserved 1048576K
Event: 96.194 GC heap after
Heap after GC invocations=14 (full 0):
 PSYoungGen      total 41472K, used 760K [0x0000000782f00000, 0x0000000785b80000, 0x00000007c0000000)
  eden space 39424K, 0% used [0x0000000782f00000,0x0000000782f00000,0x0000000785580000)
  from space 2048K, 37% used [0x0000000785980000,0x0000000785a3e020,0x0000000785b80000)
  to   space 3072K, 0% used [0x0000000785580000,0x0000000785580000,0x0000000785880000)
 ParOldGen       total 125952K, used 2000K [0x0000000708c00000, 0x0000000710700000, 0x0000000782f00000)
  object space 125952K, 1% used [0x0000000708c00000,0x0000000708df4050,0x0000000710700000)
 Metaspace       used 12737K, capacity 12992K, committed 13184K, reserved 1060864K
  class space    used 1524K, capacity 1615K, committed 1664K, reserved 1048576K
}

