# JRE version: Java(TM) SE Runtime Environment (8.0_101-b13) (build 1.8.0_101-b13)
# Java VM: Java HotSpot(TM) 64-Bit Server VM (25.101-b13 mixed mode windows-amd64 compressed oops)
Heap:
 PSYoungGen      total 54784K, used 14152K [0x0000000782f00000, 0x0000000786c00000, 0x00000007c0000000)
  eden space 47104K, 25% used [0x0000000782f00000,0x0000000783a9c4e8,0x0000000785d00000)
  from space 7680K, 29% used [0x0000000786480000,0x00000007866b5d10,0x0000000786c00000)
  to   space 7680K, 0% used [0x0000000785d00000,0x0000000785d00000,0x0000000786480000)
 ParOldGen       total 125952K, used 24K [0x0000000708c00000, 0x0000000710700000, 0x0000000782f00000)
  object space 125952K, 0% used [0x0000000708c00000,0x0000000708c06000,0x0000000710700000)
 Metaspace       used 12332K, capacity 12544K, committed 12928K, reserved 1060864K
  class space    used 1516K, capacity 1615K, committed 1664K, reserved 1048576K
GC Heap History (4 events):
Event: 7.859 GC heap before
{Heap before GC invocations=1 (full 0):
 PSYoungGen      total 54784K, used 46902K [0x0000000782f00000, 0x0000000786c00000, 0x00000007c0000000)
  eden space 47104K, 99% used [0x0000000782f00000,0x0000000785ccd8c0,0x0000000785d00000)
  from space 7680K, 0% used [0x0000000786480000,0x0000000786480000,0x0000000786c00000)
  to   space 7680K, 0% used [0x0000000785d00000,0x0000000785d00000,0x0000000786480000)
 ParOldGen       total 125952K, used 0K [0x0000000708c00000, 0x0000000710700000, 0x0000000782f00000)
  object space 125952K, 0% used [0x0000000708c00000,0x0000000708c00000,0x0000000710700000)
 Metaspace       used 12101K, capacity 12288K, committed 12672K, reserved 1060864K
  class space    used 1514K, capacity 1615K, committed 1664K, reserved 1048576K
Event: 7.867 GC heap after
Heap after GC invocations=1 (full 0):
 PSYoungGen      total 54784K, used 2304K [0x0000000782f00000, 0x0000000786c00000, 0x00000007c0000000)
  eden space 47104K, 0% used [0x0000000782f00000,0x0000000782f00000,0x0000000785d00000)
  from space 7680K, 30% used [0x0000000785d00000,0x0000000785f400c0,0x0000000786480000)
  to   space 7680K, 0% used [0x0000000786480000,0x0000000786480000,0x0000000786c00000)
 ParOldGen       total 125952K, used 16K [0x0000000708c00000, 0x0000000710700000, 0x0000000782f00000)
  object space 125952K, 0% used [0x0000000708c00000,0x0000000708c04000,0x0000000710700000)
 Metaspace       used 12101K, capacity 12288K, committed 12672K, reserved 1060864K
  class space    used 1514K, capacity 1615K, committed 1664K, reserved 1048576K
}
Event: 14.674 GC heap before
{Heap before GC invocations=2 (full 0):
 PSYoungGen      total 54784K, used 49241K [0x0000000782f00000, 0x0000000786c00000, 0x00000007c0000000)
  eden space 47104K, 99% used [0x0000000782f00000,0x0000000785cd6690,0x0000000785d00000)
  from space 7680K, 30% used [0x0000000785d00000,0x0000000785f400c0,0x0000000786480000)
  to   space 7680K, 0% used [0x0000000786480000,0x0000000786480000,0x0000000786c00000)
 ParOldGen       total 125952K, used 16K [0x0000000708c00000, 0x0000000710700000, 0x0000000782f00000)
  object space 125952K, 0% used [0x0000000708c00000,0x0000000708c04000,0x0000000710700000)
 Metaspace       used 12290K, capacity 12480K, committed 12672K, reserved 1060864K
  class space    used 1514K, capacity 1615K, committed 1664K, reserved 1048576K
Event: 14.681 GC heap after
Heap after GC invocations=2 (full 0):
 PSYoungGen      total 54784K, used 2263K [0x0000000782f00000, 0x0000000786c00000, 0x00000007c0000000)
  eden space 47104K, 0% used [0x0000000782f00000,0x0000000782f00000,0x0000000785d00000)
  from space 7680K, 29% used [0x0000000786480000,0x00000007866b5d10,0x0000000786c00000)
  to   space 7680K, 0% used [0x0000000785d00000,0x0000000785d00000,0x0000000786480000)
 ParOldGen       total 125952K, used 24K [0x0000000708c00000, 0x0000000710700000, 0x0000000782f00000)
  object space 125952K, 0% used [0x0000000708c00000,0x0000000708c06000,0x0000000710700000)
 Metaspace       used 12290K, capacity 12480K, committed 12672K, reserved 1060864K
  class space    used 1514K, capacity 1615K, committed 1664K, reserved 1048576K
}

