# JRE version: Java(TM) SE Runtime Environment (8.0_101-b13) (build 1.8.0_101-b13)
# Java VM: Java HotSpot(TM) 64-Bit Server VM (25.101-b13 mixed mode windows-amd64 compressed oops)
Heap:
 PSYoungGen      total 44544K, used 14443K [0x0000000782f00000, 0x0000000786200000, 0x00000007c0000000)
  eden space 43008K, 30% used [0x0000000782f00000,0x0000000783bfee50,0x0000000785900000)
  from space 1536K, 73% used [0x0000000786080000,0x000000078619be68,0x0000000786200000)
  to   space 2560K, 0% used [0x0000000785d00000,0x0000000785d00000,0x0000000785f80000)
 ParOldGen       total 125952K, used 1628K [0x0000000708c00000, 0x0000000710700000, 0x0000000782f00000)
  object space 125952K, 1% used [0x0000000708c00000,0x0000000708d97060,0x0000000710700000)
 Metaspace       used 11616K, capacity 11794K, committed 11904K, reserved 1060864K
  class space    used 1304K, capacity 1390K, committed 1408K, reserved 1048576K
GC Heap History (10 events):
Event: 33.498 GC heap before
{Heap before GC invocations=4 (full 0):
 PSYoungGen      total 54784K, used 49006K [0x0000000782f00000, 0x0000000786c00000, 0x00000007c0000000)
  eden space 47104K, 99% used [0x0000000782f00000,0x0000000785ce0978,0x0000000785d00000)
  from space 7680K, 26% used [0x0000000785d00000,0x0000000785efb010,0x0000000786480000)
  to   space 7680K, 0% used [0x0000000786480000,0x0000000786480000,0x0000000786c00000)
 ParOldGen       total 125952K, used 32K [0x0000000708c00000, 0x0000000710700000, 0x0000000782f00000)
  object space 125952K, 0% used [0x0000000708c00000,0x0000000708c08000,0x0000000710700000)
 Metaspace       used 11437K, capacity 11634K, committed 11904K, reserved 1060864K
  class space    used 1284K, capacity 1358K, committed 1408K, reserved 1048576K
Event: 33.507 GC heap after
Heap after GC invocations=4 (full 0):
 PSYoungGen      total 54784K, used 2039K [0x0000000782f00000, 0x0000000786c00000, 0x00000007c0000000)
  eden space 47104K, 0% used [0x0000000782f00000,0x0000000782f00000,0x0000000785d00000)
  from space 7680K, 26% used [0x0000000786480000,0x000000078667df78,0x0000000786c00000)
  to   space 7680K, 0% used [0x0000000785d00000,0x0000000785d00000,0x0000000786480000)
 ParOldGen       total 125952K, used 40K [0x0000000708c00000, 0x0000000710700000, 0x0000000782f00000)
  object space 125952K, 0% used [0x0000000708c00000,0x0000000708c0a000,0x0000000710700000)
 Metaspace       used 11437K, capacity 11634K, committed 11904K, reserved 1060864K
  class space    used 1284K, capacity 1358K, committed 1408K, reserved 1048576K
}
Event: 42.072 GC heap before
{Heap before GC invocations=5 (full 0):
 PSYoungGen      total 54784K, used 48867K [0x0000000782f00000, 0x0000000786c00000, 0x00000007c0000000)
  eden space 47104K, 99% used [0x0000000782f00000,0x0000000785cbb068,0x0000000785d00000)
  from space 7680K, 26% used [0x0000000786480000,0x000000078667df78,0x0000000786c00000)
  to   space 7680K, 0% used [0x0000000785d00000,0x0000000785d00000,0x0000000786480000)
 ParOldGen       total 125952K, used 40K [0x0000000708c00000, 0x0000000710700000, 0x0000000782f00000)
  object space 125952K, 0% used [0x0000000708c00000,0x0000000708c0a000,0x0000000710700000)
 Metaspace       used 11516K, capacity 11698K, committed 11904K, reserved 1060864K
  class space    used 1284K, capacity 1358K, committed 1408K, reserved 1048576K
Event: 42.081 GC heap after
Heap after GC invocations=5 (full 0):
 PSYoungGen      total 48640K, used 2082K [0x0000000782f00000, 0x0000000786500000, 0x00000007c0000000)
  eden space 46080K, 0% used [0x0000000782f00000,0x0000000782f00000,0x0000000785c00000)
  from space 2560K, 81% used [0x0000000785d00000,0x0000000785f089e8,0x0000000785f80000)
  to   space 2560K, 0% used [0x0000000786280000,0x0000000786280000,0x0000000786500000)
 ParOldGen       total 125952K, used 48K [0x0000000708c00000, 0x0000000710700000, 0x0000000782f00000)
  object space 125952K, 0% used [0x0000000708c00000,0x0000000708c0c000,0x0000000710700000)
 Metaspace       used 11516K, capacity 11698K, committed 11904K, reserved 1060864K
  class space    used 1284K, capacity 1358K, committed 1408K, reserved 1048576K
}
Event: 50.454 GC heap before
{Heap before GC invocations=6 (full 0):
 PSYoungGen      total 48640K, used 48162K [0x0000000782f00000, 0x0000000786500000, 0x00000007c0000000)
  eden space 46080K, 100% used [0x0000000782f00000,0x0000000785c00000,0x0000000785c00000)
  from space 2560K, 81% used [0x0000000785d00000,0x0000000785f089e8,0x0000000785f80000)
  to   space 2560K, 0% used [0x0000000786280000,0x0000000786280000,0x0000000786500000)
 ParOldGen       total 125952K, used 48K [0x0000000708c00000, 0x0000000710700000, 0x0000000782f00000)
  object space 125952K, 0% used [0x0000000708c00000,0x0000000708c0c000,0x0000000710700000)
 Metaspace       used 11525K, capacity 11698K, committed 11904K, reserved 1060864K
  class space    used 1284K, capacity 1358K, committed 1408K, reserved 1048576K
Event: 50.464 GC heap after
Heap after GC invocations=6 (full 0):
 PSYoungGen      total 47104K, used 2036K [0x0000000782f00000, 0x0000000786480000, 0x00000007c0000000)
  eden space 45056K, 0% used [0x0000000782f00000,0x0000000782f00000,0x0000000785b00000)
  from space 2048K, 99% used [0x0000000786280000,0x000000078647d188,0x0000000786480000)
  to   space 2560K, 0% used [0x0000000785f80000,0x0000000785f80000,0x0000000786200000)
 ParOldGen       total 125952K, used 56K [0x0000000708c00000, 0x0000000710700000, 0x0000000782f00000)
  object space 125952K, 0% used [0x0000000708c00000,0x0000000708c0e000,0x0000000710700000)
 Metaspace       used 11525K, capacity 11698K, committed 11904K, reserved 1060864K
  class space    used 1284K, capacity 1358K, committed 1408K, reserved 1048576K
}
Event: 58.887 GC heap before
{Heap before GC invocations=7 (full 0):
 PSYoungGen      total 47104K, used 47076K [0x0000000782f00000, 0x0000000786480000, 0x00000007c0000000)
  eden space 45056K, 99% used [0x0000000782f00000,0x0000000785afbfa8,0x0000000785b00000)
  from space 2048K, 99% used [0x0000000786280000,0x000000078647d188,0x0000000786480000)
  to   space 2560K, 0% used [0x0000000785f80000,0x0000000785f80000,0x0000000786200000)
 ParOldGen       total 125952K, used 56K [0x0000000708c00000, 0x0000000710700000, 0x0000000782f00000)
  object space 125952K, 0% used [0x0000000708c00000,0x0000000708c0e000,0x0000000710700000)
 Metaspace       used 11592K, capacity 11794K, committed 11904K, reserved 1060864K
  class space    used 1301K, capacity 1390K, committed 1408K, reserved 1048576K
Event: 58.897 GC heap after
Heap after GC invocations=7 (full 0):
 PSYoungGen      total 45056K, used 547K [0x0000000782f00000, 0x0000000786300000, 0x00000007c0000000)
  eden space 44032K, 0% used [0x0000000782f00000,0x0000000782f00000,0x0000000785a00000)
  from space 1024K, 53% used [0x0000000785f80000,0x0000000786008ee8,0x0000000786080000)
  to   space 2560K, 0% used [0x0000000786080000,0x0000000786080000,0x0000000786300000)
 ParOldGen       total 125952K, used 1604K [0x0000000708c00000, 0x0000000710700000, 0x0000000782f00000)
  object space 125952K, 1% used [0x0000000708c00000,0x0000000708d91060,0x0000000710700000)
 Metaspace       used 11592K, capacity 11794K, committed 11904K, reserved 1060864K
  class space    used 1301K, capacity 1390K, committed 1408K, reserved 1048576K
}
Event: 67.019 GC heap before
{Heap before GC invocations=8 (full 0):
 PSYoungGen      total 45056K, used 44579K [0x0000000782f00000, 0x0000000786300000, 0x00000007c0000000)
  eden space 44032K, 100% used [0x0000000782f00000,0x0000000785a00000,0x0000000785a00000)
  from space 1024K, 53% used [0x0000000785f80000,0x0000000786008ee8,0x0000000786080000)
  to   space 2560K, 0% used [0x0000000786080000,0x0000000786080000,0x0000000786300000)
 ParOldGen       total 125952K, used 1604K [0x0000000708c00000, 0x0000000710700000, 0x0000000782f00000)
  object space 125952K, 1% used [0x0000000708c00000,0x0000000708d91060,0x0000000710700000)
 Metaspace       used 11602K, capacity 11794K, committed 11904K, reserved 1060864K
  class space    used 1302K, capacity 1390K, committed 1408K, reserved 1048576K
Event: 67.021 GC heap after
Heap after GC invocations=8 (full 0):
 PSYoungGen      total 44544K, used 1135K [0x0000000782f00000, 0x0000000786200000, 0x00000007c0000000)
  eden space 43008K, 0% used [0x0000000782f00000,0x0000000782f00000,0x0000000785900000)
  from space 1536K, 73% used [0x0000000786080000,0x000000078619be68,0x0000000786200000)
  to   space 2560K, 0% used [0x0000000785d00000,0x0000000785d00000,0x0000000785f80000)
 ParOldGen       total 125952K, used 1628K [0x0000000708c00000, 0x0000000710700000, 0x0000000782f00000)
  object space 125952K, 1% used [0x0000000708c00000,0x0000000708d97060,0x0000000710700000)
 Metaspace       used 11602K, capacity 11794K, committed 11904K, reserved 1060864K
  class space    used 1302K, capacity 1390K, committed 1408K, reserved 1048576K
}

