# JRE version: Java(TM) SE Runtime Environment (8.0_101-b13) (build 1.8.0_101-b13)
# Java VM: Java HotSpot(TM) 64-Bit Server VM (25.101-b13 mixed mode windows-amd64 compressed oops)
Heap:
 PSYoungGen      total 45056K, used 24580K [0x0000000782f00000, 0x0000000786300000, 0x00000007c0000000)
  eden space 44032K, 54% used [0x0000000782f00000,0x0000000784671700,0x0000000785a00000)
  from space 1024K, 56% used [0x0000000786000000,0x000000078608f908,0x0000000786100000)
  to   space 2048K, 0% used [0x0000000786100000,0x0000000786100000,0x0000000786300000)
 ParOldGen       total 125952K, used 1580K [0x0000000708c00000, 0x0000000710700000, 0x0000000782f00000)
  object space 125952K, 1% used [0x0000000708c00000,0x0000000708d8b060,0x0000000710700000)
 Metaspace       used 11633K, capacity 11902K, committed 12160K, reserved 1060864K
  class space    used 1279K, capacity 1358K, committed 1408K, reserved 1048576K
GC Heap History (10 events):
Event: 26.117 GC heap before
{Heap before GC invocations=3 (full 0):
 PSYoungGen      total 54784K, used 49067K [0x0000000782f00000, 0x0000000786c00000, 0x00000007c0000000)
  eden space 47104K, 100% used [0x0000000782f00000,0x0000000785d00000,0x0000000785d00000)
  from space 7680K, 25% used [0x0000000786480000,0x000000078666aea0,0x0000000786c00000)
  to   space 7680K, 0% used [0x0000000785d00000,0x0000000785d00000,0x0000000786480000)
 ParOldGen       total 125952K, used 24K [0x0000000708c00000, 0x0000000710700000, 0x0000000782f00000)
  object space 125952K, 0% used [0x0000000708c00000,0x0000000708c06000,0x0000000710700000)
 Metaspace       used 11367K, capacity 11582K, committed 11648K, reserved 1058816K
  class space    used 1277K, capacity 1358K, committed 1408K, reserved 1048576K
Event: 26.125 GC heap after
Heap after GC invocations=3 (full 0):
 PSYoungGen      total 54784K, used 2019K [0x0000000782f00000, 0x0000000786c00000, 0x00000007c0000000)
  eden space 47104K, 0% used [0x0000000782f00000,0x0000000782f00000,0x0000000785d00000)
  from space 7680K, 26% used [0x0000000785d00000,0x0000000785ef8f68,0x0000000786480000)
  to   space 7680K, 0% used [0x0000000786480000,0x0000000786480000,0x0000000786c00000)
 ParOldGen       total 125952K, used 32K [0x0000000708c00000, 0x0000000710700000, 0x0000000782f00000)
  object space 125952K, 0% used [0x0000000708c00000,0x0000000708c08000,0x0000000710700000)
 Metaspace       used 11367K, capacity 11582K, committed 11648K, reserved 1058816K
  class space    used 1277K, capacity 1358K, committed 1408K, reserved 1048576K
}
Event: 34.679 GC heap before
{Heap before GC invocations=4 (full 0):
 PSYoungGen      total 54784K, used 48999K [0x0000000782f00000, 0x0000000786c00000, 0x00000007c0000000)
  eden space 47104K, 99% used [0x0000000782f00000,0x0000000785ce0dd8,0x0000000785d00000)
  from space 7680K, 26% used [0x0000000785d00000,0x0000000785ef8f68,0x0000000786480000)
  to   space 7680K, 0% used [0x0000000786480000,0x0000000786480000,0x0000000786c00000)
 ParOldGen       total 125952K, used 32K [0x0000000708c00000, 0x0000000710700000, 0x0000000782f00000)
  object space 125952K, 0% used [0x0000000708c00000,0x0000000708c08000,0x0000000710700000)
 Metaspace       used 11494K, capacity 11710K, committed 11904K, reserved 1060864K
  class space    used 1277K, capacity 1358K, committed 1408K, reserved 1048576K
Event: 34.686 GC heap after
Heap after GC invocations=4 (full 0):
 PSYoungGen      total 54784K, used 2078K [0x0000000782f00000, 0x0000000786c00000, 0x00000007c0000000)
  eden space 47104K, 0% used [0x0000000782f00000,0x0000000782f00000,0x0000000785d00000)
  from space 7680K, 27% used [0x0000000786480000,0x0000000786687af0,0x0000000786c00000)
  to   space 7680K, 0% used [0x0000000785d00000,0x0000000785d00000,0x0000000786480000)
 ParOldGen       total 125952K, used 40K [0x0000000708c00000, 0x0000000710700000, 0x0000000782f00000)
  object space 125952K, 0% used [0x0000000708c00000,0x0000000708c0a000,0x0000000710700000)
 Metaspace       used 11494K, capacity 11710K, committed 11904K, reserved 1060864K
  class space    used 1277K, capacity 1358K, committed 1408K, reserved 1048576K
}
Event: 43.429 GC heap before
{Heap before GC invocations=5 (full 0):
 PSYoungGen      total 54784K, used 48898K [0x0000000782f00000, 0x0000000786c00000, 0x00000007c0000000)
  eden space 47104K, 99% used [0x0000000782f00000,0x0000000785cb8d28,0x0000000785d00000)
  from space 7680K, 27% used [0x0000000786480000,0x0000000786687af0,0x0000000786c00000)
  to   space 7680K, 0% used [0x0000000785d00000,0x0000000785d00000,0x0000000786480000)
 ParOldGen       total 125952K, used 40K [0x0000000708c00000, 0x0000000710700000, 0x0000000782f00000)
  object space 125952K, 0% used [0x0000000708c00000,0x0000000708c0a000,0x0000000710700000)
 Metaspace       used 11577K, capacity 11838K, committed 11904K, reserved 1060864K
  class space    used 1277K, capacity 1358K, committed 1408K, reserved 1048576K
Event: 43.437 GC heap after
Heap after GC invocations=5 (full 0):
 PSYoungGen      total 48128K, used 1996K [0x0000000782f00000, 0x0000000786500000, 0x00000007c0000000)
  eden space 46080K, 0% used [0x0000000782f00000,0x0000000782f00000,0x0000000785c00000)
  from space 2048K, 97% used [0x0000000785d00000,0x0000000785ef3010,0x0000000785f00000)
  to   space 2560K, 0% used [0x0000000786280000,0x0000000786280000,0x0000000786500000)
 ParOldGen       total 125952K, used 48K [0x0000000708c00000, 0x0000000710700000, 0x0000000782f00000)
  object space 125952K, 0% used [0x0000000708c00000,0x0000000708c0c000,0x0000000710700000)
 Metaspace       used 11577K, capacity 11838K, committed 11904K, reserved 1060864K
  class space    used 1277K, capacity 1358K, committed 1408K, reserved 1048576K
}
Event: 51.759 GC heap before
{Heap before GC invocations=6 (full 0):
 PSYoungGen      total 48128K, used 47905K [0x0000000782f00000, 0x0000000786500000, 0x00000007c0000000)
  eden space 46080K, 99% used [0x0000000782f00000,0x0000000785bd57c0,0x0000000785c00000)
  from space 2048K, 97% used [0x0000000785d00000,0x0000000785ef3010,0x0000000785f00000)
  to   space 2560K, 0% used [0x0000000786280000,0x0000000786280000,0x0000000786500000)
 ParOldGen       total 125952K, used 48K [0x0000000708c00000, 0x0000000710700000, 0x0000000782f00000)
  object space 125952K, 0% used [0x0000000708c00000,0x0000000708c0c000,0x0000000710700000)
 Metaspace       used 11612K, capacity 11838K, committed 11904K, reserved 1060864K
  class space    used 1277K, capacity 1358K, committed 1408K, reserved 1048576K
Event: 51.767 GC heap after
Heap after GC invocations=6 (full 0):
 PSYoungGen      total 47616K, used 2069K [0x0000000782f00000, 0x0000000786500000, 0x00000007c0000000)
  eden space 45056K, 0% used [0x0000000782f00000,0x0000000782f00000,0x0000000785b00000)
  from space 2560K, 80% used [0x0000000786280000,0x0000000786485488,0x0000000786500000)
  to   space 2560K, 0% used [0x0000000786000000,0x0000000786000000,0x0000000786280000)
 ParOldGen       total 125952K, used 56K [0x0000000708c00000, 0x0000000710700000, 0x0000000782f00000)
  object space 125952K, 0% used [0x0000000708c00000,0x0000000708c0e000,0x0000000710700000)
 Metaspace       used 11612K, capacity 11838K, committed 11904K, reserved 1060864K
  class space    used 1277K, capacity 1358K, committed 1408K, reserved 1048576K
}
Event: 59.844 GC heap before
{Heap before GC invocations=7 (full 0):
 PSYoungGen      total 47616K, used 47125K [0x0000000782f00000, 0x0000000786500000, 0x00000007c0000000)
  eden space 45056K, 100% used [0x0000000782f00000,0x0000000785b00000,0x0000000785b00000)
  from space 2560K, 80% used [0x0000000786280000,0x0000000786485488,0x0000000786500000)
  to   space 2560K, 0% used [0x0000000786000000,0x0000000786000000,0x0000000786280000)
 ParOldGen       total 125952K, used 56K [0x0000000708c00000, 0x0000000710700000, 0x0000000782f00000)
  object space 125952K, 0% used [0x0000000708c00000,0x0000000708c0e000,0x0000000710700000)
 Metaspace       used 11617K, capacity 11838K, committed 11904K, reserved 1060864K
  class space    used 1277K, capacity 1358K, committed 1408K, reserved 1048576K
Event: 59.855 GC heap after
Heap after GC invocations=7 (full 0):
 PSYoungGen      total 45056K, used 574K [0x0000000782f00000, 0x0000000786300000, 0x00000007c0000000)
  eden space 44032K, 0% used [0x0000000782f00000,0x0000000782f00000,0x0000000785a00000)
  from space 1024K, 56% used [0x0000000786000000,0x000000078608f908,0x0000000786100000)
  to   space 2048K, 0% used [0x0000000786100000,0x0000000786100000,0x0000000786300000)
 ParOldGen       total 125952K, used 1580K [0x0000000708c00000, 0x0000000710700000, 0x0000000782f00000)
  object space 125952K, 1% used [0x0000000708c00000,0x0000000708d8b060,0x0000000710700000)
 Metaspace       used 11617K, capacity 11838K, committed 11904K, reserved 1060864K
  class space    used 1277K, capacity 1358K, committed 1408K, reserved 1048576K
}

