# JRE version: Java(TM) SE Runtime Environment (8.0_101-b13) (build 1.8.0_101-b13)
# Java VM: Java HotSpot(TM) 64-Bit Server VM (25.101-b13 mixed mode windows-amd64 compressed oops)
Heap:
 PSYoungGen      total 54784K, used 46145K [0x0000000782f00000, 0x0000000786c00000, 0x00000007c0000000)
  eden space 47104K, 93% used [0x0000000782f00000,0x00000007859e96b8,0x0000000785d00000)
  from space 7680K, 28% used [0x0000000786480000,0x00000007866a7020,0x0000000786c00000)
  to   space 7680K, 0% used [0x0000000785d00000,0x0000000785d00000,0x0000000786480000)
 ParOldGen       total 125952K, used 40K [0x0000000708c00000, 0x0000000710700000, 0x0000000782f00000)
  object space 125952K, 0% used [0x0000000708c00000,0x0000000708c0a000,0x0000000710700000)
 Metaspace       used 13216K, capacity 13448K, committed 13696K, reserved 1060864K
  class space    used 1534K, capacity 1615K, committed 1664K, reserved 1048576K
GC Heap History (8 events):
Event: 8.851 GC heap before
{Heap before GC invocations=1 (full 0):
 PSYoungGen      total 54784K, used 47093K [0x0000000782f00000, 0x0000000786c00000, 0x00000007c0000000)
  eden space 47104K, 99% used [0x0000000782f00000,0x0000000785cfd460,0x0000000785d00000)
  from space 7680K, 0% used [0x0000000786480000,0x0000000786480000,0x0000000786c00000)
  to   space 7680K, 0% used [0x0000000785d00000,0x0000000785d00000,0x0000000786480000)
 ParOldGen       total 125952K, used 0K [0x0000000708c00000, 0x0000000710700000, 0x0000000782f00000)
  object space 125952K, 0% used [0x0000000708c00000,0x0000000708c00000,0x0000000710700000)
 Metaspace       used 12557K, capacity 12744K, committed 12928K, reserved 1060864K
  class space    used 1529K, capacity 1615K, committed 1664K, reserved 1048576K
Event: 8.863 GC heap after
Heap after GC invocations=1 (full 0):
 PSYoungGen      total 54784K, used 2265K [0x0000000782f00000, 0x0000000786c00000, 0x00000007c0000000)
  eden space 47104K, 0% used [0x0000000782f00000,0x0000000782f00000,0x0000000785d00000)
  from space 7680K, 29% used [0x0000000785d00000,0x0000000785f366d8,0x0000000786480000)
  to   space 7680K, 0% used [0x0000000786480000,0x0000000786480000,0x0000000786c00000)
 ParOldGen       total 125952K, used 16K [0x0000000708c00000, 0x0000000710700000, 0x0000000782f00000)
  object space 125952K, 0% used [0x0000000708c00000,0x0000000708c04000,0x0000000710700000)
 Metaspace       used 12557K, capacity 12744K, committed 12928K, reserved 1060864K
  class space    used 1529K, capacity 1615K, committed 1664K, reserved 1048576K
}
Event: 16.183 GC heap before
{Heap before GC invocations=2 (full 0):
 PSYoungGen      total 54784K, used 49129K [0x0000000782f00000, 0x0000000786c00000, 0x00000007c0000000)
  eden space 47104K, 99% used [0x0000000782f00000,0x0000000785cc4088,0x0000000785d00000)
  from space 7680K, 29% used [0x0000000785d00000,0x0000000785f366d8,0x0000000786480000)
  to   space 7680K, 0% used [0x0000000786480000,0x0000000786480000,0x0000000786c00000)
 ParOldGen       total 125952K, used 16K [0x0000000708c00000, 0x0000000710700000, 0x0000000782f00000)
  object space 125952K, 0% used [0x0000000708c00000,0x0000000708c04000,0x0000000710700000)
 Metaspace       used 12884K, capacity 13064K, committed 13440K, reserved 1060864K
  class space    used 1531K, capacity 1615K, committed 1664K, reserved 1048576K
Event: 16.193 GC heap after
Heap after GC invocations=2 (full 0):
 PSYoungGen      total 54784K, used 2220K [0x0000000782f00000, 0x0000000786c00000, 0x00000007c0000000)
  eden space 47104K, 0% used [0x0000000782f00000,0x0000000782f00000,0x0000000785d00000)
  from space 7680K, 28% used [0x0000000786480000,0x00000007866ab030,0x0000000786c00000)
  to   space 7680K, 0% used [0x0000000785d00000,0x0000000785d00000,0x0000000786480000)
 ParOldGen       total 125952K, used 24K [0x0000000708c00000, 0x0000000710700000, 0x0000000782f00000)
  object space 125952K, 0% used [0x0000000708c00000,0x0000000708c06000,0x0000000710700000)
 Metaspace       used 12884K, capacity 13064K, committed 13440K, reserved 1060864K
  class space    used 1531K, capacity 1615K, committed 1664K, reserved 1048576K
}
Event: 23.832 GC heap before
{Heap before GC invocations=3 (full 0):
 PSYoungGen      total 54784K, used 49087K [0x0000000782f00000, 0x0000000786c00000, 0x00000007c0000000)
  eden space 47104K, 99% used [0x0000000782f00000,0x0000000785cc4fb8,0x0000000785d00000)
  from space 7680K, 28% used [0x0000000786480000,0x00000007866ab030,0x0000000786c00000)
  to   space 7680K, 0% used [0x0000000785d00000,0x0000000785d00000,0x0000000786480000)
 ParOldGen       total 125952K, used 24K [0x0000000708c00000, 0x0000000710700000, 0x0000000782f00000)
  object space 125952K, 0% used [0x0000000708c00000,0x0000000708c06000,0x0000000710700000)
 Metaspace       used 13071K, capacity 13320K, committed 13696K, reserved 1060864K
  class space    used 1532K, capacity 1615K, committed 1664K, reserved 1048576K
Event: 23.842 GC heap after
Heap after GC invocations=3 (full 0):
 PSYoungGen      total 54784K, used 2236K [0x0000000782f00000, 0x0000000786c00000, 0x00000007c0000000)
  eden space 47104K, 0% used [0x0000000782f00000,0x0000000782f00000,0x0000000785d00000)
  from space 7680K, 29% used [0x0000000785d00000,0x0000000785f2f020,0x0000000786480000)
  to   space 7680K, 0% used [0x0000000786480000,0x0000000786480000,0x0000000786c00000)
 ParOldGen       total 125952K, used 32K [0x0000000708c00000, 0x0000000710700000, 0x0000000782f00000)
  object space 125952K, 0% used [0x0000000708c00000,0x0000000708c08000,0x0000000710700000)
 Metaspace       used 13071K, capacity 13320K, committed 13696K, reserved 1060864K
  class space    used 1532K, capacity 1615K, committed 1664K, reserved 1048576K
}
Event: 31.586 GC heap before
{Heap before GC invocations=4 (full 0):
 PSYoungGen      total 54784K, used 49086K [0x0000000782f00000, 0x0000000786c00000, 0x00000007c0000000)
  eden space 47104K, 99% used [0x0000000782f00000,0x0000000785cc0a88,0x0000000785d00000)
  from space 7680K, 29% used [0x0000000785d00000,0x0000000785f2f020,0x0000000786480000)
  to   space 7680K, 0% used [0x0000000786480000,0x0000000786480000,0x0000000786c00000)
 ParOldGen       total 125952K, used 32K [0x0000000708c00000, 0x0000000710700000, 0x0000000782f00000)
  object space 125952K, 0% used [0x0000000708c00000,0x0000000708c08000,0x0000000710700000)
 Metaspace       used 13134K, capacity 13384K, committed 13696K, reserved 1060864K
  class space    used 1532K, capacity 1615K, committed 1664K, reserved 1048576K
Event: 31.596 GC heap after
Heap after GC invocations=4 (full 0):
 PSYoungGen      total 54784K, used 2204K [0x0000000782f00000, 0x0000000786c00000, 0x00000007c0000000)
  eden space 47104K, 0% used [0x0000000782f00000,0x0000000782f00000,0x0000000785d00000)
  from space 7680K, 28% used [0x0000000786480000,0x00000007866a7020,0x0000000786c00000)
  to   space 7680K, 0% used [0x0000000785d00000,0x0000000785d00000,0x0000000786480000)
 ParOldGen       total 125952K, used 40K [0x0000000708c00000, 0x0000000710700000, 0x0000000782f00000)
  object space 125952K, 0% used [0x0000000708c00000,0x0000000708c0a000,0x0000000710700000)
 Metaspace       used 13134K, capacity 13384K, committed 13696K, reserved 1060864K
  class space    used 1532K, capacity 1615K, committed 1664K, reserved 1048576K
}

