# JRE version: Java(TM) SE Runtime Environment (8.0_101-b13) (build 1.8.0_101-b13)
# Java VM: Java HotSpot(TM) 64-Bit Server VM (25.101-b13 mixed mode windows-amd64 compressed oops)
Heap:
 PSYoungGen      total 28672K, used 18527K [0x0000000782f00000, 0x0000000784d00000, 0x00000007c0000000)
  eden space 26624K, 67% used [0x0000000782f00000,0x00000007840a4e28,0x0000000784900000)
  from space 2048K, 22% used [0x0000000784b00000,0x0000000784b73010,0x0000000784d00000)
  to   space 2048K, 0% used [0x0000000784900000,0x0000000784900000,0x0000000784b00000)
 ParOldGen       total 125952K, used 8635K [0x0000000708c00000, 0x0000000710700000, 0x0000000782f00000)
  object space 125952K, 6% used [0x0000000708c00000,0x000000070946ecf8,0x0000000710700000)
 Metaspace       used 13541K, capacity 13792K, committed 13952K, reserved 1060864K
  class space    used 1565K, capacity 1647K, committed 1664K, reserved 1048576K
GC Heap History (10 events):
Event: 323.273 GC heap before
{Heap before GC invocations=62 (full 0):
 PSYoungGen      total 28672K, used 27605K [0x0000000782f00000, 0x0000000784d00000, 0x00000007c0000000)
  eden space 26624K, 99% used [0x0000000782f00000,0x00000007848ec6c8,0x0000000784900000)
  from space 2048K, 51% used [0x0000000784900000,0x0000000784a09030,0x0000000784b00000)
  to   space 2048K, 0% used [0x0000000784b00000,0x0000000784b00000,0x0000000784d00000)
 ParOldGen       total 125952K, used 8523K [0x0000000708c00000, 0x0000000710700000, 0x0000000782f00000)
  object space 125952K, 6% used [0x0000000708c00000,0x0000000709452cf8,0x0000000710700000)
 Metaspace       used 13515K, capacity 13792K, committed 13952K, reserved 1060864K
  class space    used 1561K, capacity 1647K, committed 1664K, reserved 1048576K
Event: 323.276 GC heap after
Heap after GC invocations=62 (full 0):
 PSYoungGen      total 28672K, used 1060K [0x0000000782f00000, 0x0000000784d00000, 0x00000007c0000000)
  eden space 26624K, 0% used [0x0000000782f00000,0x0000000782f00000,0x0000000784900000)
  from space 2048K, 51% used [0x0000000784b00000,0x0000000784c09030,0x0000000784d00000)
  to   space 2048K, 0% used [0x0000000784900000,0x0000000784900000,0x0000000784b00000)
 ParOldGen       total 125952K, used 8539K [0x0000000708c00000, 0x0000000710700000, 0x0000000782f00000)
  object space 125952K, 6% used [0x0000000708c00000,0x0000000709456cf8,0x0000000710700000)
 Metaspace       used 13515K, capacity 13792K, committed 13952K, reserved 1060864K
  class space    used 1561K, capacity 1647K, committed 1664K, reserved 1048576K
}
Event: 332.693 GC heap before
{Heap before GC invocations=63 (full 0):
 PSYoungGen      total 28672K, used 27388K [0x0000000782f00000, 0x0000000784d00000, 0x00000007c0000000)
  eden space 26624K, 98% used [0x0000000782f00000,0x00000007848b6200,0x0000000784900000)
  from space 2048K, 51% used [0x0000000784b00000,0x0000000784c09030,0x0000000784d00000)
  to   space 2048K, 0% used [0x0000000784900000,0x0000000784900000,0x0000000784b00000)
 ParOldGen       total 125952K, used 8539K [0x0000000708c00000, 0x0000000710700000, 0x0000000782f00000)
  object space 125952K, 6% used [0x0000000708c00000,0x0000000709456cf8,0x0000000710700000)
 Metaspace       used 13515K, capacity 13792K, committed 13952K, reserved 1060864K
  class space    used 1561K, capacity 1647K, committed 1664K, reserved 1048576K
Event: 332.694 GC heap after
Heap after GC invocations=63 (full 0):
 PSYoungGen      total 28672K, used 1060K [0x0000000782f00000, 0x0000000784d00000, 0x00000007c0000000)
  eden space 26624K, 0% used [0x0000000782f00000,0x0000000782f00000,0x0000000784900000)
  from space 2048K, 51% used [0x0000000784900000,0x0000000784a09030,0x0000000784b00000)
  to   space 2048K, 0% used [0x0000000784b00000,0x0000000784b00000,0x0000000784d00000)
 ParOldGen       total 125952K, used 8571K [0x0000000708c00000, 0x0000000710700000, 0x0000000782f00000)
  object space 125952K, 6% used [0x0000000708c00000,0x000000070945ecf8,0x0000000710700000)
 Metaspace       used 13515K, capacity 13792K, committed 13952K, reserved 1060864K
  class space    used 1561K, capacity 1647K, committed 1664K, reserved 1048576K
}
Event: 337.534 GC heap before
{Heap before GC invocations=64 (full 0):
 PSYoungGen      total 28672K, used 27393K [0x0000000782f00000, 0x0000000784d00000, 0x00000007c0000000)
  eden space 26624K, 98% used [0x0000000782f00000,0x00000007848b75b0,0x0000000784900000)
  from space 2048K, 51% used [0x0000000784900000,0x0000000784a09030,0x0000000784b00000)
  to   space 2048K, 0% used [0x0000000784b00000,0x0000000784b00000,0x0000000784d00000)
 ParOldGen       total 125952K, used 8571K [0x0000000708c00000, 0x0000000710700000, 0x0000000782f00000)
  object space 125952K, 6% used [0x0000000708c00000,0x000000070945ecf8,0x0000000710700000)
 Metaspace       used 13515K, capacity 13792K, committed 13952K, reserved 1060864K
  class space    used 1561K, capacity 1647K, committed 1664K, reserved 1048576K
Event: 337.536 GC heap after
Heap after GC invocations=64 (full 0):
 PSYoungGen      total 28672K, used 1060K [0x0000000782f00000, 0x0000000784d00000, 0x00000007c0000000)
  eden space 26624K, 0% used [0x0000000782f00000,0x0000000782f00000,0x0000000784900000)
  from space 2048K, 51% used [0x0000000784b00000,0x0000000784c09030,0x0000000784d00000)
  to   space 2048K, 0% used [0x0000000784900000,0x0000000784900000,0x0000000784b00000)
 ParOldGen       total 125952K, used 8587K [0x0000000708c00000, 0x0000000710700000, 0x0000000782f00000)
  object space 125952K, 6% used [0x0000000708c00000,0x0000000709462cf8,0x0000000710700000)
 Metaspace       used 13515K, capacity 13792K, committed 13952K, reserved 1060864K
  class space    used 1561K, capacity 1647K, committed 1664K, reserved 1048576K
}
Event: 341.351 GC heap before
{Heap before GC invocations=65 (full 0):
 PSYoungGen      total 28672K, used 27392K [0x0000000782f00000, 0x0000000784d00000, 0x00000007c0000000)
  eden space 26624K, 98% used [0x0000000782f00000,0x00000007848b7140,0x0000000784900000)
  from space 2048K, 51% used [0x0000000784b00000,0x0000000784c09030,0x0000000784d00000)
  to   space 2048K, 0% used [0x0000000784900000,0x0000000784900000,0x0000000784b00000)
 ParOldGen       total 125952K, used 8587K [0x0000000708c00000, 0x0000000710700000, 0x0000000782f00000)
  object space 125952K, 6% used [0x0000000708c00000,0x0000000709462cf8,0x0000000710700000)
 Metaspace       used 13515K, capacity 13792K, committed 13952K, reserved 1060864K
  class space    used 1561K, capacity 1647K, committed 1664K, reserved 1048576K
Event: 341.354 GC heap after
Heap after GC invocations=65 (full 0):
 PSYoungGen      total 28672K, used 1060K [0x0000000782f00000, 0x0000000784d00000, 0x00000007c0000000)
  eden space 26624K, 0% used [0x0000000782f00000,0x0000000782f00000,0x0000000784900000)
  from space 2048K, 51% used [0x0000000784900000,0x0000000784a09030,0x0000000784b00000)
  to   space 2048K, 0% used [0x0000000784b00000,0x0000000784b00000,0x0000000784d00000)
 ParOldGen       total 125952K, used 8611K [0x0000000708c00000, 0x0000000710700000, 0x0000000782f00000)
  object space 125952K, 6% used [0x0000000708c00000,0x0000000709468cf8,0x0000000710700000)
 Metaspace       used 13515K, capacity 13792K, committed 13952K, reserved 1060864K
  class space    used 1561K, capacity 1647K, committed 1664K, reserved 1048576K
}
Event: 345.237 GC heap before
{Heap before GC invocations=66 (full 0):
 PSYoungGen      total 28672K, used 27396K [0x0000000782f00000, 0x0000000784d00000, 0x00000007c0000000)
  eden space 26624K, 98% used [0x0000000782f00000,0x00000007848b80a0,0x0000000784900000)
  from space 2048K, 51% used [0x0000000784900000,0x0000000784a09030,0x0000000784b00000)
  to   space 2048K, 0% used [0x0000000784b00000,0x0000000784b00000,0x0000000784d00000)
 ParOldGen       total 125952K, used 8611K [0x0000000708c00000, 0x0000000710700000, 0x0000000782f00000)
  object space 125952K, 6% used [0x0000000708c00000,0x0000000709468cf8,0x0000000710700000)
 Metaspace       used 13515K, capacity 13792K, committed 13952K, reserved 1060864K
  class space    used 1561K, capacity 1647K, committed 1664K, reserved 1048576K
Event: 345.238 GC heap after
Heap after GC invocations=66 (full 0):
 PSYoungGen      total 28672K, used 460K [0x0000000782f00000, 0x0000000784d00000, 0x00000007c0000000)
  eden space 26624K, 0% used [0x0000000782f00000,0x0000000782f00000,0x0000000784900000)
  from space 2048K, 22% used [0x0000000784b00000,0x0000000784b73010,0x0000000784d00000)
  to   space 2048K, 0% used [0x0000000784900000,0x0000000784900000,0x0000000784b00000)
 ParOldGen       total 125952K, used 8635K [0x0000000708c00000, 0x0000000710700000, 0x0000000782f00000)
  object space 125952K, 6% used [0x0000000708c00000,0x000000070946ecf8,0x0000000710700000)
 Metaspace       used 13515K, capacity 13792K, committed 13952K, reserved 1060864K
  class space    used 1561K, capacity 1647K, committed 1664K, reserved 1048576K
}

