# JRE version: Java(TM) SE Runtime Environment (8.0_101-b13) (build 1.8.0_101-b13)
# Java VM: Java HotSpot(TM) 64-Bit Server VM (25.101-b13 mixed mode windows-amd64 compressed oops)
Heap:
 PSYoungGen      total 54784K, used 40320K [0x0000000782f00000, 0x0000000786c00000, 0x00000007c0000000)
  eden space 47104K, 80% used [0x0000000782f00000,0x0000000785430250,0x0000000785d00000)
  from space 7680K, 29% used [0x0000000786480000,0x00000007866b0018,0x0000000786c00000)
  to   space 7680K, 0% used [0x0000000785d00000,0x0000000785d00000,0x0000000786480000)
 ParOldGen       total 125952K, used 32K [0x0000000708c00000, 0x0000000710700000, 0x0000000782f00000)
  object space 125952K, 0% used [0x0000000708c00000,0x0000000708c08000,0x0000000710700000)
 Metaspace       used 12966K, capacity 13216K, committed 13440K, reserved 1060864K
  class space    used 1561K, capacity 1647K, committed 1664K, reserved 1048576K
GC Heap History (4 events):
Event: 7.728 GC heap before
{Heap before GC invocations=1 (full 0):
 PSYoungGen      total 54784K, used 47104K [0x0000000782f00000, 0x0000000786c00000, 0x00000007c0000000)
  eden space 47104K, 100% used [0x0000000782f00000,0x0000000785d00000,0x0000000785d00000)
  from space 7680K, 0% used [0x0000000786480000,0x0000000786480000,0x0000000786c00000)
  to   space 7680K, 0% used [0x0000000785d00000,0x0000000785d00000,0x0000000786480000)
 ParOldGen       total 125952K, used 0K [0x0000000708c00000, 0x0000000710700000, 0x0000000782f00000)
  object space 125952K, 0% used [0x0000000708c00000,0x0000000708c00000,0x0000000710700000)
 Metaspace       used 12415K, capacity 12608K, committed 12928K, reserved 1060864K
  class space    used 1524K, capacity 1615K, committed 1664K, reserved 1048576K
Event: 7.737 GC heap after
Heap after GC invocations=1 (full 0):
 PSYoungGen      total 54784K, used 2344K [0x0000000782f00000, 0x0000000786c00000, 0x00000007c0000000)
  eden space 47104K, 0% used [0x0000000782f00000,0x0000000782f00000,0x0000000785d00000)
  from space 7680K, 30% used [0x0000000785d00000,0x0000000785f4a2b8,0x0000000786480000)
  to   space 7680K, 0% used [0x0000000786480000,0x0000000786480000,0x0000000786c00000)
 ParOldGen       total 125952K, used 24K [0x0000000708c00000, 0x0000000710700000, 0x0000000782f00000)
  object space 125952K, 0% used [0x0000000708c00000,0x0000000708c06000,0x0000000710700000)
 Metaspace       used 12415K, capacity 12608K, committed 12928K, reserved 1060864K
  class space    used 1524K, capacity 1615K, committed 1664K, reserved 1048576K
}
Event: 14.263 GC heap before
{Heap before GC invocations=2 (full 0):
 PSYoungGen      total 54784K, used 49448K [0x0000000782f00000, 0x0000000786c00000, 0x00000007c0000000)
  eden space 47104K, 100% used [0x0000000782f00000,0x0000000785d00000,0x0000000785d00000)
  from space 7680K, 30% used [0x0000000785d00000,0x0000000785f4a2b8,0x0000000786480000)
  to   space 7680K, 0% used [0x0000000786480000,0x0000000786480000,0x0000000786c00000)
 ParOldGen       total 125952K, used 24K [0x0000000708c00000, 0x0000000710700000, 0x0000000782f00000)
  object space 125952K, 0% used [0x0000000708c00000,0x0000000708c06000,0x0000000710700000)
 Metaspace       used 12771K, capacity 12960K, committed 13184K, reserved 1060864K
  class space    used 1559K, capacity 1647K, committed 1664K, reserved 1048576K
Event: 14.271 GC heap after
Heap after GC invocations=2 (full 0):
 PSYoungGen      total 54784K, used 2240K [0x0000000782f00000, 0x0000000786c00000, 0x00000007c0000000)
  eden space 47104K, 0% used [0x0000000782f00000,0x0000000782f00000,0x0000000785d00000)
  from space 7680K, 29% used [0x0000000786480000,0x00000007866b0018,0x0000000786c00000)
  to   space 7680K, 0% used [0x0000000785d00000,0x0000000785d00000,0x0000000786480000)
 ParOldGen       total 125952K, used 32K [0x0000000708c00000, 0x0000000710700000, 0x0000000782f00000)
  object space 125952K, 0% used [0x0000000708c00000,0x0000000708c08000,0x0000000710700000)
 Metaspace       used 12771K, capacity 12960K, committed 13184K, reserved 1060864K
  class space    used 1559K, capacity 1647K, committed 1664K, reserved 1048576K
}

