# JRE version: Java(TM) SE Runtime Environment (8.0_101-b13) (build 1.8.0_101-b13)
# Java VM: Java HotSpot(TM) 64-Bit Server VM (25.101-b13 mixed mode windows-amd64 compressed oops)
Heap:
 PSYoungGen      total 43008K, used 9509K [0x0000000782f00000, 0x0000000785e00000, 0x00000007c0000000)
  eden space 39936K, 16% used [0x0000000782f00000,0x000000078356c6a0,0x0000000785600000)
  from space 3072K, 95% used [0x0000000785680000,0x000000078595d0c0,0x0000000785980000)
  to   space 4096K, 0% used [0x0000000785a00000,0x0000000785a00000,0x0000000785e00000)
 ParOldGen       total 125952K, used 1628K [0x0000000708c00000, 0x0000000710700000, 0x0000000782f00000)
  object space 125952K, 1% used [0x0000000708c00000,0x0000000708d97060,0x0000000710700000)
 Metaspace       used 10576K, capacity 10732K, committed 10880K, reserved 1058816K
  class space    used 1208K, capacity 1293K, committed 1408K, reserved 1048576K
GC Heap History (10 events):
Event: 22.168 GC heap before
{Heap before GC invocations=9 (full 0):
 PSYoungGen      total 46080K, used 45121K [0x0000000782f00000, 0x0000000786200000, 0x00000007c0000000)
  eden space 43008K, 98% used [0x0000000782f00000,0x00000007858326f0,0x0000000785900000)
  from space 3072K, 95% used [0x0000000785f00000,0x00000007861ddf30,0x0000000786200000)
  to   space 4608K, 0% used [0x0000000785900000,0x0000000785900000,0x0000000785d80000)
 ParOldGen       total 125952K, used 1524K [0x0000000708c00000, 0x0000000710700000, 0x0000000782f00000)
  object space 125952K, 1% used [0x0000000708c00000,0x0000000708d7d060,0x0000000710700000)
 Metaspace       used 10373K, capacity 10540K, committed 10880K, reserved 1058816K
  class space    used 1205K, capacity 1293K, committed 1408K, reserved 1048576K
Event: 22.171 GC heap after
Heap after GC invocations=9 (full 0):
 PSYoungGen      total 45056K, used 2902K [0x0000000782f00000, 0x0000000786100000, 0x00000007c0000000)
  eden space 41984K, 0% used [0x0000000782f00000,0x0000000782f00000,0x0000000785800000)
  from space 3072K, 94% used [0x0000000785900000,0x0000000785bd58b0,0x0000000785c00000)
  to   space 4608K, 0% used [0x0000000785c80000,0x0000000785c80000,0x0000000786100000)
 ParOldGen       total 125952K, used 1540K [0x0000000708c00000, 0x0000000710700000, 0x0000000782f00000)
  object space 125952K, 1% used [0x0000000708c00000,0x0000000708d81060,0x0000000710700000)
 Metaspace       used 10373K, capacity 10540K, committed 10880K, reserved 1058816K
  class space    used 1205K, capacity 1293K, committed 1408K, reserved 1048576K
}
Event: 24.265 GC heap before
{Heap before GC invocations=10 (full 0):
 PSYoungGen      total 45056K, used 44886K [0x0000000782f00000, 0x0000000786100000, 0x00000007c0000000)
  eden space 41984K, 100% used [0x0000000782f00000,0x0000000785800000,0x0000000785800000)
  from space 3072K, 94% used [0x0000000785900000,0x0000000785bd58b0,0x0000000785c00000)
  to   space 4608K, 0% used [0x0000000785c80000,0x0000000785c80000,0x0000000786100000)
 ParOldGen       total 125952K, used 1540K [0x0000000708c00000, 0x0000000710700000, 0x0000000782f00000)
  object space 125952K, 1% used [0x0000000708c00000,0x0000000708d81060,0x0000000710700000)
 Metaspace       used 10391K, capacity 10604K, committed 10880K, reserved 1058816K
  class space    used 1205K, capacity 1293K, committed 1408K, reserved 1048576K
Event: 24.267 GC heap after
Heap after GC invocations=10 (full 0):
 PSYoungGen      total 45568K, used 2902K [0x0000000782f00000, 0x0000000786080000, 0x00000007c0000000)
  eden space 41472K, 0% used [0x0000000782f00000,0x0000000782f00000,0x0000000785780000)
  from space 4096K, 70% used [0x0000000785c80000,0x0000000785f55a18,0x0000000786080000)
  to   space 4608K, 0% used [0x0000000785780000,0x0000000785780000,0x0000000785c00000)
 ParOldGen       total 125952K, used 1564K [0x0000000708c00000, 0x0000000710700000, 0x0000000782f00000)
  object space 125952K, 1% used [0x0000000708c00000,0x0000000708d87060,0x0000000710700000)
 Metaspace       used 10391K, capacity 10604K, committed 10880K, reserved 1058816K
  class space    used 1205K, capacity 1293K, committed 1408K, reserved 1048576K
}
Event: 26.265 GC heap before
{Heap before GC invocations=11 (full 0):
 PSYoungGen      total 45568K, used 43589K [0x0000000782f00000, 0x0000000786080000, 0x00000007c0000000)
  eden space 41472K, 98% used [0x0000000782f00000,0x00000007856bbb48,0x0000000785780000)
  from space 4096K, 70% used [0x0000000785c80000,0x0000000785f55a18,0x0000000786080000)
  to   space 4608K, 0% used [0x0000000785780000,0x0000000785780000,0x0000000785c00000)
 ParOldGen       total 125952K, used 1564K [0x0000000708c00000, 0x0000000710700000, 0x0000000782f00000)
  object space 125952K, 1% used [0x0000000708c00000,0x0000000708d87060,0x0000000710700000)
 Metaspace       used 10425K, capacity 10604K, committed 10880K, reserved 1058816K
  class space    used 1205K, capacity 1293K, committed 1408K, reserved 1048576K
Event: 26.267 GC heap after
Heap after GC invocations=11 (full 0):
 PSYoungGen      total 44032K, used 2902K [0x0000000782f00000, 0x0000000786000000, 0x00000007c0000000)
  eden space 40960K, 0% used [0x0000000782f00000,0x0000000782f00000,0x0000000785700000)
  from space 3072K, 94% used [0x0000000785780000,0x0000000785a55940,0x0000000785a80000)
  to   space 4608K, 0% used [0x0000000785b80000,0x0000000785b80000,0x0000000786000000)
 ParOldGen       total 125952K, used 1588K [0x0000000708c00000, 0x0000000710700000, 0x0000000782f00000)
  object space 125952K, 1% used [0x0000000708c00000,0x0000000708d8d060,0x0000000710700000)
 Metaspace       used 10425K, capacity 10604K, committed 10880K, reserved 1058816K
  class space    used 1205K, capacity 1293K, committed 1408K, reserved 1048576K
}
Event: 28.290 GC heap before
{Heap before GC invocations=12 (full 0):
 PSYoungGen      total 44032K, used 43730K [0x0000000782f00000, 0x0000000786000000, 0x00000007c0000000)
  eden space 40960K, 99% used [0x0000000782f00000,0x00000007856df230,0x0000000785700000)
  from space 3072K, 94% used [0x0000000785780000,0x0000000785a55940,0x0000000785a80000)
  to   space 4608K, 0% used [0x0000000785b80000,0x0000000785b80000,0x0000000786000000)
 ParOldGen       total 125952K, used 1588K [0x0000000708c00000, 0x0000000710700000, 0x0000000782f00000)
  object space 125952K, 1% used [0x0000000708c00000,0x0000000708d8d060,0x0000000710700000)
 Metaspace       used 10551K, capacity 10732K, committed 10880K, reserved 1058816K
  class space    used 1205K, capacity 1293K, committed 1408K, reserved 1048576K
Event: 28.293 GC heap after
Heap after GC invocations=12 (full 0):
 PSYoungGen      total 43520K, used 2935K [0x0000000782f00000, 0x0000000785e80000, 0x00000007c0000000)
  eden space 40448K, 0% used [0x0000000782f00000,0x0000000782f00000,0x0000000785680000)
  from space 3072K, 95% used [0x0000000785b80000,0x0000000785e5dd20,0x0000000785e80000)
  to   space 4096K, 0% used [0x0000000785680000,0x0000000785680000,0x0000000785a80000)
 ParOldGen       total 125952K, used 1612K [0x0000000708c00000, 0x0000000710700000, 0x0000000782f00000)
  object space 125952K, 1% used [0x0000000708c00000,0x0000000708d93060,0x0000000710700000)
 Metaspace       used 10551K, capacity 10732K, committed 10880K, reserved 1058816K
  class space    used 1205K, capacity 1293K, committed 1408K, reserved 1048576K
}
Event: 30.253 GC heap before
{Heap before GC invocations=13 (full 0):
 PSYoungGen      total 43520K, used 43383K [0x0000000782f00000, 0x0000000785e80000, 0x00000007c0000000)
  eden space 40448K, 100% used [0x0000000782f00000,0x0000000785680000,0x0000000785680000)
  from space 3072K, 95% used [0x0000000785b80000,0x0000000785e5dd20,0x0000000785e80000)
  to   space 4096K, 0% used [0x0000000785680000,0x0000000785680000,0x0000000785a80000)
 ParOldGen       total 125952K, used 1612K [0x0000000708c00000, 0x0000000710700000, 0x0000000782f00000)
  object space 125952K, 1% used [0x0000000708c00000,0x0000000708d93060,0x0000000710700000)
 Metaspace       used 10560K, capacity 10732K, committed 10880K, reserved 1058816K
  class space    used 1205K, capacity 1293K, committed 1408K, reserved 1048576K
Event: 30.255 GC heap after
Heap after GC invocations=13 (full 0):
 PSYoungGen      total 43008K, used 2932K [0x0000000782f00000, 0x0000000785e00000, 0x00000007c0000000)
  eden space 39936K, 0% used [0x0000000782f00000,0x0000000782f00000,0x0000000785600000)
  from space 3072K, 95% used [0x0000000785680000,0x000000078595d0c0,0x0000000785980000)
  to   space 4096K, 0% used [0x0000000785a00000,0x0000000785a00000,0x0000000785e00000)
 ParOldGen       total 125952K, used 1628K [0x0000000708c00000, 0x0000000710700000, 0x0000000782f00000)
  object space 125952K, 1% used [0x0000000708c00000,0x0000000708d97060,0x0000000710700000)
 Metaspace       used 10560K, capacity 10732K, committed 10880K, reserved 1058816K
  class space    used 1205K, capacity 1293K, committed 1408K, reserved 1048576K
}

