# JRE version: Java(TM) SE Runtime Environment (8.0_101-b13) (build 1.8.0_101-b13)
# Java VM: Java HotSpot(TM) 64-Bit Server VM (25.101-b13 mixed mode windows-amd64 compressed oops)
Heap:
 PSYoungGen      total 32768K, used 20726K [0x0000000782f00000, 0x0000000785400000, 0x00000007c0000000)
  eden space 27648K, 64% used [0x0000000782f00000,0x0000000784062ef8,0x0000000784a00000)
  from space 5120K, 57% used [0x0000000784a00000,0x0000000784cda928,0x0000000784f00000)
  to   space 5120K, 0% used [0x0000000784f00000,0x0000000784f00000,0x0000000785400000)
 ParOldGen       total 125952K, used 2296K [0x0000000708c00000, 0x0000000710700000, 0x0000000782f00000)
  object space 125952K, 1% used [0x0000000708c00000,0x0000000708e3e388,0x0000000710700000)
 Metaspace       used 11578K, capacity 11786K, committed 11904K, reserved 1060864K
  class space    used 1299K, capacity 1390K, committed 1408K, reserved 1048576K
GC Heap History (10 events):
Event: 71.415 GC heap before
{Heap before GC invocations=35 (full 0):
 PSYoungGen      total 33792K, used 31565K [0x0000000782f00000, 0x0000000785580000, 0x00000007c0000000)
  eden space 29184K, 98% used [0x0000000782f00000,0x0000000784af9f38,0x0000000784b80000)
  from space 4608K, 63% used [0x0000000785100000,0x00000007853d9680,0x0000000785580000)
  to   space 5120K, 0% used [0x0000000784b80000,0x0000000784b80000,0x0000000785080000)
 ParOldGen       total 125952K, used 2200K [0x0000000708c00000, 0x0000000710700000, 0x0000000782f00000)
  object space 125952K, 1% used [0x0000000708c00000,0x0000000708e26388,0x0000000710700000)
 Metaspace       used 11559K, capacity 11722K, committed 11904K, reserved 1060864K
  class space    used 1296K, capacity 1390K, committed 1408K, reserved 1048576K
Event: 71.418 GC heap after
Heap after GC invocations=35 (full 0):
 PSYoungGen      total 31744K, used 2917K [0x0000000782f00000, 0x0000000785500000, 0x00000007c0000000)
  eden space 28672K, 0% used [0x0000000782f00000,0x0000000782f00000,0x0000000784b00000)
  from space 3072K, 94% used [0x0000000784b80000,0x0000000784e59400,0x0000000784e80000)
  to   space 5120K, 0% used [0x0000000785000000,0x0000000785000000,0x0000000785500000)
 ParOldGen       total 125952K, used 2216K [0x0000000708c00000, 0x0000000710700000, 0x0000000782f00000)
  object space 125952K, 1% used [0x0000000708c00000,0x0000000708e2a388,0x0000000710700000)
 Metaspace       used 11559K, capacity 11722K, committed 11904K, reserved 1060864K
  class space    used 1296K, capacity 1390K, committed 1408K, reserved 1048576K
}
Event: 72.800 GC heap before
{Heap before GC invocations=36 (full 0):
 PSYoungGen      total 31744K, used 31589K [0x0000000782f00000, 0x0000000785500000, 0x00000007c0000000)
  eden space 28672K, 100% used [0x0000000782f00000,0x0000000784b00000,0x0000000784b00000)
  from space 3072K, 94% used [0x0000000784b80000,0x0000000784e59400,0x0000000784e80000)
  to   space 5120K, 0% used [0x0000000785000000,0x0000000785000000,0x0000000785500000)
 ParOldGen       total 125952K, used 2216K [0x0000000708c00000, 0x0000000710700000, 0x0000000782f00000)
  object space 125952K, 1% used [0x0000000708c00000,0x0000000708e2a388,0x0000000710700000)
 Metaspace       used 11559K, capacity 11722K, committed 11904K, reserved 1060864K
  class space    used 1296K, capacity 1390K, committed 1408K, reserved 1048576K
Event: 72.802 GC heap after
Heap after GC invocations=36 (full 0):
 PSYoungGen      total 33280K, used 4720K [0x0000000782f00000, 0x0000000785500000, 0x00000007c0000000)
  eden space 28160K, 0% used [0x0000000782f00000,0x0000000782f00000,0x0000000784a80000)
  from space 5120K, 92% used [0x0000000785000000,0x000000078549c1a0,0x0000000785500000)
  to   space 5120K, 0% used [0x0000000784b00000,0x0000000784b00000,0x0000000785000000)
 ParOldGen       total 125952K, used 2240K [0x0000000708c00000, 0x0000000710700000, 0x0000000782f00000)
  object space 125952K, 1% used [0x0000000708c00000,0x0000000708e30388,0x0000000710700000)
 Metaspace       used 11559K, capacity 11722K, committed 11904K, reserved 1060864K
  class space    used 1296K, capacity 1390K, committed 1408K, reserved 1048576K
}
Event: 74.273 GC heap before
{Heap before GC invocations=37 (full 0):
 PSYoungGen      total 33280K, used 32880K [0x0000000782f00000, 0x0000000785500000, 0x00000007c0000000)
  eden space 28160K, 100% used [0x0000000782f00000,0x0000000784a80000,0x0000000784a80000)
  from space 5120K, 92% used [0x0000000785000000,0x000000078549c1a0,0x0000000785500000)
  to   space 5120K, 0% used [0x0000000784b00000,0x0000000784b00000,0x0000000785000000)
 ParOldGen       total 125952K, used 2240K [0x0000000708c00000, 0x0000000710700000, 0x0000000782f00000)
  object space 125952K, 1% used [0x0000000708c00000,0x0000000708e30388,0x0000000710700000)
 Metaspace       used 11559K, capacity 11722K, committed 11904K, reserved 1060864K
  class space    used 1296K, capacity 1390K, committed 1408K, reserved 1048576K
Event: 74.276 GC heap after
Heap after GC invocations=37 (full 0):
 PSYoungGen      total 31744K, used 3775K [0x0000000782f00000, 0x0000000785400000, 0x00000007c0000000)
  eden space 27648K, 0% used [0x0000000782f00000,0x0000000782f00000,0x0000000784a00000)
  from space 4096K, 92% used [0x0000000784b00000,0x0000000784eafcf0,0x0000000784f00000)
  to   space 5120K, 0% used [0x0000000784f00000,0x0000000784f00000,0x0000000785400000)
 ParOldGen       total 125952K, used 2256K [0x0000000708c00000, 0x0000000710700000, 0x0000000782f00000)
  object space 125952K, 1% used [0x0000000708c00000,0x0000000708e34388,0x0000000710700000)
 Metaspace       used 11559K, capacity 11722K, committed 11904K, reserved 1060864K
  class space    used 1296K, capacity 1390K, committed 1408K, reserved 1048576K
}
Event: 75.767 GC heap before
{Heap before GC invocations=38 (full 0):
 PSYoungGen      total 31744K, used 30720K [0x0000000782f00000, 0x0000000785400000, 0x00000007c0000000)
  eden space 27648K, 97% used [0x0000000782f00000,0x00000007849505c8,0x0000000784a00000)
  from space 4096K, 92% used [0x0000000784b00000,0x0000000784eafcf0,0x0000000784f00000)
  to   space 5120K, 0% used [0x0000000784f00000,0x0000000784f00000,0x0000000785400000)
 ParOldGen       total 125952K, used 2256K [0x0000000708c00000, 0x0000000710700000, 0x0000000782f00000)
  object space 125952K, 1% used [0x0000000708c00000,0x0000000708e34388,0x0000000710700000)
 Metaspace       used 11559K, capacity 11722K, committed 11904K, reserved 1060864K
  class space    used 1296K, capacity 1390K, committed 1408K, reserved 1048576K
Event: 75.769 GC heap after
Heap after GC invocations=38 (full 0):
 PSYoungGen      total 32768K, used 2920K [0x0000000782f00000, 0x0000000785400000, 0x00000007c0000000)
  eden space 27648K, 0% used [0x0000000782f00000,0x0000000782f00000,0x0000000784a00000)
  from space 5120K, 57% used [0x0000000784f00000,0x00000007851da158,0x0000000785400000)
  to   space 5120K, 0% used [0x0000000784a00000,0x0000000784a00000,0x0000000784f00000)
 ParOldGen       total 125952K, used 2280K [0x0000000708c00000, 0x0000000710700000, 0x0000000782f00000)
  object space 125952K, 1% used [0x0000000708c00000,0x0000000708e3a388,0x0000000710700000)
 Metaspace       used 11559K, capacity 11722K, committed 11904K, reserved 1060864K
  class space    used 1296K, capacity 1390K, committed 1408K, reserved 1048576K
}
Event: 77.153 GC heap before
{Heap before GC invocations=39 (full 0):
 PSYoungGen      total 32768K, used 29929K [0x0000000782f00000, 0x0000000785400000, 0x00000007c0000000)
  eden space 27648K, 97% used [0x0000000782f00000,0x0000000784960388,0x0000000784a00000)
  from space 5120K, 57% used [0x0000000784f00000,0x00000007851da158,0x0000000785400000)
  to   space 5120K, 0% used [0x0000000784a00000,0x0000000784a00000,0x0000000784f00000)
 ParOldGen       total 125952K, used 2280K [0x0000000708c00000, 0x0000000710700000, 0x0000000782f00000)
  object space 125952K, 1% used [0x0000000708c00000,0x0000000708e3a388,0x0000000710700000)
 Metaspace       used 11567K, capacity 11786K, committed 11904K, reserved 1060864K
  class space    used 1297K, capacity 1390K, committed 1408K, reserved 1048576K
Event: 77.156 GC heap after
Heap after GC invocations=39 (full 0):
 PSYoungGen      total 32768K, used 2922K [0x0000000782f00000, 0x0000000785400000, 0x00000007c0000000)
  eden space 27648K, 0% used [0x0000000782f00000,0x0000000782f00000,0x0000000784a00000)
  from space 5120K, 57% used [0x0000000784a00000,0x0000000784cda928,0x0000000784f00000)
  to   space 5120K, 0% used [0x0000000784f00000,0x0000000784f00000,0x0000000785400000)
 ParOldGen       total 125952K, used 2296K [0x0000000708c00000, 0x0000000710700000, 0x0000000782f00000)
  object space 125952K, 1% used [0x0000000708c00000,0x0000000708e3e388,0x0000000710700000)
 Metaspace       used 11567K, capacity 11786K, committed 11904K, reserved 1060864K
  class space    used 1297K, capacity 1390K, committed 1408K, reserved 1048576K
}

