# JRE version: Java(TM) SE Runtime Environment (8.0_101-b13) (build 1.8.0_101-b13)
# Java VM: Java HotSpot(TM) 64-Bit Server VM (25.101-b13 mixed mode windows-amd64 compressed oops)
Heap:
 PSYoungGen      total 29696K, used 16960K [0x0000000782f00000, 0x0000000784e00000, 0x00000007c0000000)
  eden space 27648K, 57% used [0x0000000782f00000,0x0000000783e86fd0,0x0000000784a00000)
  from space 2048K, 51% used [0x0000000784c00000,0x0000000784d09030,0x0000000784e00000)
  to   space 2048K, 0% used [0x0000000784a00000,0x0000000784a00000,0x0000000784c00000)
 ParOldGen       total 125952K, used 7908K [0x0000000708c00000, 0x0000000710700000, 0x0000000782f00000)
  object space 125952K, 6% used [0x0000000708c00000,0x00000007093b90a0,0x0000000710700000)
 Metaspace       used 13514K, capacity 13768K, committed 13952K, reserved 1060864K
  class space    used 1538K, capacity 1615K, committed 1664K, reserved 1048576K
GC Heap History (10 events):
Event: 360.488 GC heap before
{Heap before GC invocations=62 (full 0):
 PSYoungGen      total 29696K, used 27830K [0x0000000782f00000, 0x0000000784e00000, 0x00000007c0000000)
  eden space 27648K, 98% used [0x0000000782f00000,0x00000007849ba9c0,0x0000000784a00000)
  from space 2048K, 22% used [0x0000000784a00000,0x0000000784a73010,0x0000000784c00000)
  to   space 2048K, 0% used [0x0000000784c00000,0x0000000784c00000,0x0000000784e00000)
 ParOldGen       total 125952K, used 7812K [0x0000000708c00000, 0x0000000710700000, 0x0000000782f00000)
  object space 125952K, 6% used [0x0000000708c00000,0x00000007093a10a0,0x0000000710700000)
 Metaspace       used 13503K, capacity 13768K, committed 13952K, reserved 1060864K
  class space    used 1536K, capacity 1615K, committed 1664K, reserved 1048576K
Event: 360.491 GC heap after
Heap after GC invocations=62 (full 0):
 PSYoungGen      total 29696K, used 1060K [0x0000000782f00000, 0x0000000784e00000, 0x00000007c0000000)
  eden space 27648K, 0% used [0x0000000782f00000,0x0000000782f00000,0x0000000784a00000)
  from space 2048K, 51% used [0x0000000784c00000,0x0000000784d09030,0x0000000784e00000)
  to   space 2048K, 0% used [0x0000000784a00000,0x0000000784a00000,0x0000000784c00000)
 ParOldGen       total 125952K, used 7828K [0x0000000708c00000, 0x0000000710700000, 0x0000000782f00000)
  object space 125952K, 6% used [0x0000000708c00000,0x00000007093a50a0,0x0000000710700000)
 Metaspace       used 13503K, capacity 13768K, committed 13952K, reserved 1060864K
  class space    used 1536K, capacity 1615K, committed 1664K, reserved 1048576K
}
Event: 365.071 GC heap before
{Heap before GC invocations=63 (full 0):
 PSYoungGen      total 29696K, used 28433K [0x0000000782f00000, 0x0000000784e00000, 0x00000007c0000000)
  eden space 27648K, 99% used [0x0000000782f00000,0x00000007849bb570,0x0000000784a00000)
  from space 2048K, 51% used [0x0000000784c00000,0x0000000784d09030,0x0000000784e00000)
  to   space 2048K, 0% used [0x0000000784a00000,0x0000000784a00000,0x0000000784c00000)
 ParOldGen       total 125952K, used 7828K [0x0000000708c00000, 0x0000000710700000, 0x0000000782f00000)
  object space 125952K, 6% used [0x0000000708c00000,0x00000007093a50a0,0x0000000710700000)
 Metaspace       used 13503K, capacity 13768K, committed 13952K, reserved 1060864K
  class space    used 1536K, capacity 1615K, committed 1664K, reserved 1048576K
Event: 365.073 GC heap after
Heap after GC invocations=63 (full 0):
 PSYoungGen      total 29696K, used 1060K [0x0000000782f00000, 0x0000000784e00000, 0x00000007c0000000)
  eden space 27648K, 0% used [0x0000000782f00000,0x0000000782f00000,0x0000000784a00000)
  from space 2048K, 51% used [0x0000000784a00000,0x0000000784b09030,0x0000000784c00000)
  to   space 2048K, 0% used [0x0000000784c00000,0x0000000784c00000,0x0000000784e00000)
 ParOldGen       total 125952K, used 7852K [0x0000000708c00000, 0x0000000710700000, 0x0000000782f00000)
  object space 125952K, 6% used [0x0000000708c00000,0x00000007093ab0a0,0x0000000710700000)
 Metaspace       used 13503K, capacity 13768K, committed 13952K, reserved 1060864K
  class space    used 1536K, capacity 1615K, committed 1664K, reserved 1048576K
}
Event: 369.609 GC heap before
{Heap before GC invocations=64 (full 0):
 PSYoungGen      total 29696K, used 28453K [0x0000000782f00000, 0x0000000784e00000, 0x00000007c0000000)
  eden space 27648K, 99% used [0x0000000782f00000,0x00000007849c0550,0x0000000784a00000)
  from space 2048K, 51% used [0x0000000784a00000,0x0000000784b09030,0x0000000784c00000)
  to   space 2048K, 0% used [0x0000000784c00000,0x0000000784c00000,0x0000000784e00000)
 ParOldGen       total 125952K, used 7852K [0x0000000708c00000, 0x0000000710700000, 0x0000000782f00000)
  object space 125952K, 6% used [0x0000000708c00000,0x00000007093ab0a0,0x0000000710700000)
 Metaspace       used 13503K, capacity 13768K, committed 13952K, reserved 1060864K
  class space    used 1536K, capacity 1615K, committed 1664K, reserved 1048576K
Event: 369.612 GC heap after
Heap after GC invocations=64 (full 0):
 PSYoungGen      total 29696K, used 1060K [0x0000000782f00000, 0x0000000784e00000, 0x00000007c0000000)
  eden space 27648K, 0% used [0x0000000782f00000,0x0000000782f00000,0x0000000784a00000)
  from space 2048K, 51% used [0x0000000784c00000,0x0000000784d09030,0x0000000784e00000)
  to   space 2048K, 0% used [0x0000000784a00000,0x0000000784a00000,0x0000000784c00000)
 ParOldGen       total 125952K, used 7868K [0x0000000708c00000, 0x0000000710700000, 0x0000000782f00000)
  object space 125952K, 6% used [0x0000000708c00000,0x00000007093af0a0,0x0000000710700000)
 Metaspace       used 13503K, capacity 13768K, committed 13952K, reserved 1060864K
  class space    used 1536K, capacity 1615K, committed 1664K, reserved 1048576K
}
Event: 373.941 GC heap before
{Heap before GC invocations=65 (full 0):
 PSYoungGen      total 29696K, used 28506K [0x0000000782f00000, 0x0000000784e00000, 0x00000007c0000000)
  eden space 27648K, 99% used [0x0000000782f00000,0x00000007849cd9b8,0x0000000784a00000)
  from space 2048K, 51% used [0x0000000784c00000,0x0000000784d09030,0x0000000784e00000)
  to   space 2048K, 0% used [0x0000000784a00000,0x0000000784a00000,0x0000000784c00000)
 ParOldGen       total 125952K, used 7868K [0x0000000708c00000, 0x0000000710700000, 0x0000000782f00000)
  object space 125952K, 6% used [0x0000000708c00000,0x00000007093af0a0,0x0000000710700000)
 Metaspace       used 13503K, capacity 13768K, committed 13952K, reserved 1060864K
  class space    used 1536K, capacity 1615K, committed 1664K, reserved 1048576K
Event: 373.943 GC heap after
Heap after GC invocations=65 (full 0):
 PSYoungGen      total 29696K, used 460K [0x0000000782f00000, 0x0000000784e00000, 0x00000007c0000000)
  eden space 27648K, 0% used [0x0000000782f00000,0x0000000782f00000,0x0000000784a00000)
  from space 2048K, 22% used [0x0000000784a00000,0x0000000784a73010,0x0000000784c00000)
  to   space 2048K, 0% used [0x0000000784c00000,0x0000000784c00000,0x0000000784e00000)
 ParOldGen       total 125952K, used 7892K [0x0000000708c00000, 0x0000000710700000, 0x0000000782f00000)
  object space 125952K, 6% used [0x0000000708c00000,0x00000007093b50a0,0x0000000710700000)
 Metaspace       used 13503K, capacity 13768K, committed 13952K, reserved 1060864K
  class space    used 1536K, capacity 1615K, committed 1664K, reserved 1048576K
}
Event: 378.308 GC heap before
{Heap before GC invocations=66 (full 0):
 PSYoungGen      total 29696K, used 27911K [0x0000000782f00000, 0x0000000784e00000, 0x00000007c0000000)
  eden space 27648K, 99% used [0x0000000782f00000,0x00000007849ceed8,0x0000000784a00000)
  from space 2048K, 22% used [0x0000000784a00000,0x0000000784a73010,0x0000000784c00000)
  to   space 2048K, 0% used [0x0000000784c00000,0x0000000784c00000,0x0000000784e00000)
 ParOldGen       total 125952K, used 7892K [0x0000000708c00000, 0x0000000710700000, 0x0000000782f00000)
  object space 125952K, 6% used [0x0000000708c00000,0x00000007093b50a0,0x0000000710700000)
 Metaspace       used 13503K, capacity 13768K, committed 13952K, reserved 1060864K
  class space    used 1536K, capacity 1615K, committed 1664K, reserved 1048576K
Event: 378.309 GC heap after
Heap after GC invocations=66 (full 0):
 PSYoungGen      total 29696K, used 1060K [0x0000000782f00000, 0x0000000784e00000, 0x00000007c0000000)
  eden space 27648K, 0% used [0x0000000782f00000,0x0000000782f00000,0x0000000784a00000)
  from space 2048K, 51% used [0x0000000784c00000,0x0000000784d09030,0x0000000784e00000)
  to   space 2048K, 0% used [0x0000000784a00000,0x0000000784a00000,0x0000000784c00000)
 ParOldGen       total 125952K, used 7908K [0x0000000708c00000, 0x0000000710700000, 0x0000000782f00000)
  object space 125952K, 6% used [0x0000000708c00000,0x00000007093b90a0,0x0000000710700000)
 Metaspace       used 13503K, capacity 13768K, committed 13952K, reserved 1060864K
  class space    used 1536K, capacity 1615K, committed 1664K, reserved 1048576K
}

