# JRE version: Java(TM) SE Runtime Environment (8.0_101-b13) (build 1.8.0_101-b13)
# Java VM: Java HotSpot(TM) 64-Bit Server VM (25.101-b13 mixed mode windows-amd64 compressed oops)
Heap:
 PSYoungGen      total 41472K, used 18752K [0x0000000782f00000, 0x0000000785b80000, 0x00000007c0000000)
  eden space 38400K, 48% used [0x0000000782f00000,0x000000078411ba30,0x0000000785480000)
  from space 3072K, 6% used [0x0000000785880000,0x00000007858b4798,0x0000000785b80000)
  to   space 3584K, 0% used [0x0000000785480000,0x0000000785480000,0x0000000785800000)
 ParOldGen       total 125952K, used 7539K [0x0000000708c00000, 0x0000000710700000, 0x0000000782f00000)
  object space 125952K, 5% used [0x0000000708c00000,0x000000070935cda0,0x0000000710700000)
 Metaspace       used 11540K, capacity 11726K, committed 11904K, reserved 1060864K
  class space    used 1298K, capacity 1390K, committed 1408K, reserved 1048576K
GC Heap History (10 events):
Event: 96.918 GC heap before
{Heap before GC invocations=12 (full 0):
 PSYoungGen      total 41984K, used 41464K [0x0000000782f00000, 0x0000000785f00000, 0x00000007c0000000)
  eden space 40960K, 99% used [0x0000000782f00000,0x00000007856b6c30,0x0000000785700000)
  from space 1024K, 77% used [0x0000000785a00000,0x0000000785ac75e8,0x0000000785b00000)
  to   space 3072K, 0% used [0x0000000785c00000,0x0000000785c00000,0x0000000785f00000)
 ParOldGen       total 125952K, used 1716K [0x0000000708c00000, 0x0000000710700000, 0x0000000782f00000)
  object space 125952K, 1% used [0x0000000708c00000,0x0000000708dad060,0x0000000710700000)
 Metaspace       used 11527K, capacity 11726K, committed 11904K, reserved 1060864K
  class space    used 1295K, capacity 1390K, committed 1408K, reserved 1048576K
Event: 96.920 GC heap after
Heap after GC invocations=12 (full 0):
 PSYoungGen      total 40960K, used 499K [0x0000000782f00000, 0x0000000785c80000, 0x00000007c0000000)
  eden space 40448K, 0% used [0x0000000782f00000,0x0000000782f00000,0x0000000785680000)
  from space 512K, 97% used [0x0000000785c00000,0x0000000785c7cd68,0x0000000785c80000)
  to   space 3072K, 0% used [0x0000000785680000,0x0000000785680000,0x0000000785980000)
 ParOldGen       total 125952K, used 1740K [0x0000000708c00000, 0x0000000710700000, 0x0000000782f00000)
  object space 125952K, 1% used [0x0000000708c00000,0x0000000708db3060,0x0000000710700000)
 Metaspace       used 11527K, capacity 11726K, committed 11904K, reserved 1060864K
  class space    used 1295K, capacity 1390K, committed 1408K, reserved 1048576K
}
Event: 104.404 GC heap before
{Heap before GC invocations=13 (full 0):
 PSYoungGen      total 40960K, used 40947K [0x0000000782f00000, 0x0000000785c80000, 0x00000007c0000000)
  eden space 40448K, 100% used [0x0000000782f00000,0x0000000785680000,0x0000000785680000)
  from space 512K, 97% used [0x0000000785c00000,0x0000000785c7cd68,0x0000000785c80000)
  to   space 3072K, 0% used [0x0000000785680000,0x0000000785680000,0x0000000785980000)
 ParOldGen       total 125952K, used 1740K [0x0000000708c00000, 0x0000000710700000, 0x0000000782f00000)
  object space 125952K, 1% used [0x0000000708c00000,0x0000000708db3060,0x0000000710700000)
 Metaspace       used 11527K, capacity 11726K, committed 11904K, reserved 1060864K
  class space    used 1295K, capacity 1390K, committed 1408K, reserved 1048576K
Event: 104.406 GC heap after
Heap after GC invocations=13 (full 0):
 PSYoungGen      total 43008K, used 501K [0x0000000782f00000, 0x0000000785c80000, 0x00000007c0000000)
  eden space 39936K, 0% used [0x0000000782f00000,0x0000000782f00000,0x0000000785600000)
  from space 3072K, 16% used [0x0000000785680000,0x00000007856fd728,0x0000000785980000)
  to   space 3072K, 0% used [0x0000000785980000,0x0000000785980000,0x0000000785c80000)
 ParOldGen       total 125952K, used 1764K [0x0000000708c00000, 0x0000000710700000, 0x0000000782f00000)
  object space 125952K, 1% used [0x0000000708c00000,0x0000000708db9060,0x0000000710700000)
 Metaspace       used 11527K, capacity 11726K, committed 11904K, reserved 1060864K
  class space    used 1295K, capacity 1390K, committed 1408K, reserved 1048576K
}
Event: 111.756 GC heap before
{Heap before GC invocations=14 (full 0):
 PSYoungGen      total 43008K, used 40437K [0x0000000782f00000, 0x0000000785c80000, 0x00000007c0000000)
  eden space 39936K, 100% used [0x0000000782f00000,0x0000000785600000,0x0000000785600000)
  from space 3072K, 16% used [0x0000000785680000,0x00000007856fd728,0x0000000785980000)
  to   space 3072K, 0% used [0x0000000785980000,0x0000000785980000,0x0000000785c80000)
 ParOldGen       total 125952K, used 1764K [0x0000000708c00000, 0x0000000710700000, 0x0000000782f00000)
  object space 125952K, 1% used [0x0000000708c00000,0x0000000708db9060,0x0000000710700000)
 Metaspace       used 11528K, capacity 11726K, committed 11904K, reserved 1060864K
  class space    used 1295K, capacity 1390K, committed 1408K, reserved 1048576K
Event: 111.758 GC heap after
Heap after GC invocations=14 (full 0):
 PSYoungGen      total 41472K, used 1096K [0x0000000782f00000, 0x0000000785b80000, 0x00000007c0000000)
  eden space 39424K, 0% used [0x0000000782f00000,0x0000000782f00000,0x0000000785580000)
  from space 2048K, 53% used [0x0000000785980000,0x0000000785a92240,0x0000000785b80000)
  to   space 3072K, 0% used [0x0000000785580000,0x0000000785580000,0x0000000785880000)
 ParOldGen       total 125952K, used 1788K [0x0000000708c00000, 0x0000000710700000, 0x0000000782f00000)
  object space 125952K, 1% used [0x0000000708c00000,0x0000000708dbf060,0x0000000710700000)
 Metaspace       used 11528K, capacity 11726K, committed 11904K, reserved 1060864K
  class space    used 1295K, capacity 1390K, committed 1408K, reserved 1048576K
}
Event: 118.947 GC heap before
{Heap before GC invocations=15 (full 0):
 PSYoungGen      total 41472K, used 40520K [0x0000000782f00000, 0x0000000785b80000, 0x00000007c0000000)
  eden space 39424K, 100% used [0x0000000782f00000,0x0000000785580000,0x0000000785580000)
  from space 2048K, 53% used [0x0000000785980000,0x0000000785a92240,0x0000000785b80000)
  to   space 3072K, 0% used [0x0000000785580000,0x0000000785580000,0x0000000785880000)
 ParOldGen       total 125952K, used 1788K [0x0000000708c00000, 0x0000000710700000, 0x0000000782f00000)
  object space 125952K, 1% used [0x0000000708c00000,0x0000000708dbf0e0,0x0000000710700000)
 Metaspace       used 11528K, capacity 11726K, committed 11904K, reserved 1060864K
  class space    used 1295K, capacity 1390K, committed 1408K, reserved 1048576K
Event: 118.951 GC heap after
Heap after GC invocations=15 (full 0):
 PSYoungGen      total 41984K, used 2897K [0x0000000782f00000, 0x0000000785c00000, 0x00000007c0000000)
  eden space 38912K, 0% used [0x0000000782f00000,0x0000000782f00000,0x0000000785500000)
  from space 3072K, 94% used [0x0000000785580000,0x00000007858544f0,0x0000000785880000)
  to   space 3584K, 0% used [0x0000000785880000,0x0000000785880000,0x0000000785c00000)
 ParOldGen       total 125952K, used 3012K [0x0000000708c00000, 0x0000000710700000, 0x0000000782f00000)
  object space 125952K, 2% used [0x0000000708c00000,0x0000000708ef10f0,0x0000000710700000)
 Metaspace       used 11528K, capacity 11726K, committed 11904K, reserved 1060864K
  class space    used 1295K, capacity 1390K, committed 1408K, reserved 1048576K
}
Event: 126.561 GC heap before
{Heap before GC invocations=16 (full 0):
 PSYoungGen      total 41984K, used 41809K [0x0000000782f00000, 0x0000000785c00000, 0x00000007c0000000)
  eden space 38912K, 100% used [0x0000000782f00000,0x0000000785500000,0x0000000785500000)
  from space 3072K, 94% used [0x0000000785580000,0x00000007858544f0,0x0000000785880000)
  to   space 3584K, 0% used [0x0000000785880000,0x0000000785880000,0x0000000785c00000)
 ParOldGen       total 125952K, used 3915K [0x0000000708c00000, 0x0000000710700000, 0x0000000782f00000)
  object space 125952K, 3% used [0x0000000708c00000,0x0000000708fd2d70,0x0000000710700000)
 Metaspace       used 11528K, capacity 11726K, committed 11904K, reserved 1060864K
  class space    used 1295K, capacity 1390K, committed 1408K, reserved 1048576K
Event: 126.565 GC heap after
Heap after GC invocations=16 (full 0):
 PSYoungGen      total 41472K, used 209K [0x0000000782f00000, 0x0000000785b80000, 0x00000007c0000000)
  eden space 38400K, 0% used [0x0000000782f00000,0x0000000782f00000,0x0000000785480000)
  from space 3072K, 6% used [0x0000000785880000,0x00000007858b4798,0x0000000785b80000)
  to   space 3584K, 0% used [0x0000000785480000,0x0000000785480000,0x0000000785800000)
 ParOldGen       total 125952K, used 7539K [0x0000000708c00000, 0x0000000710700000, 0x0000000782f00000)
  object space 125952K, 5% used [0x0000000708c00000,0x000000070935cda0,0x0000000710700000)
 Metaspace       used 11528K, capacity 11726K, committed 11904K, reserved 1060864K
  class space    used 1295K, capacity 1390K, committed 1408K, reserved 1048576K
}

