# JRE version: Java(TM) SE Runtime Environment (8.0_101-b13) (build 1.8.0_101-b13)
# Java VM: Java HotSpot(TM) 64-Bit Server VM (25.101-b13 mixed mode windows-amd64 compressed oops)
Heap:
 PSYoungGen      total 29184K, used 3098K [0x0000000782f00000, 0x0000000784d00000, 0x00000007c0000000)
  eden space 27648K, 9% used [0x0000000782f00000,0x0000000783193b60,0x0000000784a00000)
  from space 1536K, 29% used [0x0000000784b80000,0x0000000784bf3010,0x0000000784d00000)
  to   space 1536K, 0% used [0x0000000784a00000,0x0000000784a00000,0x0000000784b80000)
 ParOldGen       total 125952K, used 12151K [0x0000000708c00000, 0x0000000710700000, 0x0000000782f00000)
  object space 125952K, 9% used [0x0000000708c00000,0x00000007097ddeb0,0x0000000710700000)
 Metaspace       used 11596K, capacity 11794K, committed 11904K, reserved 1060864K
  class space    used 1290K, capacity 1390K, committed 1408K, reserved 1048576K
GC Heap History (10 events):
Event: 277.504 GC heap before
{Heap before GC invocations=42 (full 0):
 PSYoungGen      total 29696K, used 28584K [0x0000000782f00000, 0x0000000784e00000, 0x00000007c0000000)
  eden space 27648K, 99% used [0x0000000782f00000,0x00000007849e10c8,0x0000000784a00000)
  from space 2048K, 51% used [0x0000000784a00000,0x0000000784b09030,0x0000000784c00000)
  to   space 2048K, 0% used [0x0000000784c00000,0x0000000784c00000,0x0000000784e00000)
 ParOldGen       total 125952K, used 12047K [0x0000000708c00000, 0x0000000710700000, 0x0000000782f00000)
  object space 125952K, 9% used [0x0000000708c00000,0x00000007097c3eb0,0x0000000710700000)
 Metaspace       used 11576K, capacity 11794K, committed 11904K, reserved 1060864K
  class space    used 1287K, capacity 1390K, committed 1408K, reserved 1048576K
Event: 277.507 GC heap after
Heap after GC invocations=42 (full 0):
 PSYoungGen      total 29696K, used 1060K [0x0000000782f00000, 0x0000000784e00000, 0x00000007c0000000)
  eden space 27648K, 0% used [0x0000000782f00000,0x0000000782f00000,0x0000000784a00000)
  from space 2048K, 51% used [0x0000000784c00000,0x0000000784d09030,0x0000000784e00000)
  to   space 2048K, 0% used [0x0000000784a00000,0x0000000784a00000,0x0000000784c00000)
 ParOldGen       total 125952K, used 12079K [0x0000000708c00000, 0x0000000710700000, 0x0000000782f00000)
  object space 125952K, 9% used [0x0000000708c00000,0x00000007097cbeb0,0x0000000710700000)
 Metaspace       used 11576K, capacity 11794K, committed 11904K, reserved 1060864K
  class space    used 1287K, capacity 1390K, committed 1408K, reserved 1048576K
}
Event: 283.129 GC heap before
{Heap before GC invocations=43 (full 0):
 PSYoungGen      total 29696K, used 28708K [0x0000000782f00000, 0x0000000784e00000, 0x00000007c0000000)
  eden space 27648K, 100% used [0x0000000782f00000,0x0000000784a00000,0x0000000784a00000)
  from space 2048K, 51% used [0x0000000784c00000,0x0000000784d09030,0x0000000784e00000)
  to   space 2048K, 0% used [0x0000000784a00000,0x0000000784a00000,0x0000000784c00000)
 ParOldGen       total 125952K, used 12079K [0x0000000708c00000, 0x0000000710700000, 0x0000000782f00000)
  object space 125952K, 9% used [0x0000000708c00000,0x00000007097cbeb0,0x0000000710700000)
 Metaspace       used 11576K, capacity 11794K, committed 11904K, reserved 1060864K
  class space    used 1287K, capacity 1390K, committed 1408K, reserved 1048576K
Event: 283.130 GC heap after
Heap after GC invocations=43 (full 0):
 PSYoungGen      total 29696K, used 760K [0x0000000782f00000, 0x0000000784e00000, 0x00000007c0000000)
  eden space 27648K, 0% used [0x0000000782f00000,0x0000000782f00000,0x0000000784a00000)
  from space 2048K, 37% used [0x0000000784a00000,0x0000000784abe020,0x0000000784c00000)
  to   space 2048K, 0% used [0x0000000784c00000,0x0000000784c00000,0x0000000784e00000)
 ParOldGen       total 125952K, used 12103K [0x0000000708c00000, 0x0000000710700000, 0x0000000782f00000)
  object space 125952K, 9% used [0x0000000708c00000,0x00000007097d1eb0,0x0000000710700000)
 Metaspace       used 11576K, capacity 11794K, committed 11904K, reserved 1060864K
  class space    used 1287K, capacity 1390K, committed 1408K, reserved 1048576K
}
Event: 288.438 GC heap before
{Heap before GC invocations=44 (full 0):
 PSYoungGen      total 29696K, used 28231K [0x0000000782f00000, 0x0000000784e00000, 0x00000007c0000000)
  eden space 27648K, 99% used [0x0000000782f00000,0x00000007849d3be8,0x0000000784a00000)
  from space 2048K, 37% used [0x0000000784a00000,0x0000000784abe020,0x0000000784c00000)
  to   space 2048K, 0% used [0x0000000784c00000,0x0000000784c00000,0x0000000784e00000)
 ParOldGen       total 125952K, used 12103K [0x0000000708c00000, 0x0000000710700000, 0x0000000782f00000)
  object space 125952K, 9% used [0x0000000708c00000,0x00000007097d1eb0,0x0000000710700000)
 Metaspace       used 11576K, capacity 11794K, committed 11904K, reserved 1060864K
  class space    used 1287K, capacity 1390K, committed 1408K, reserved 1048576K
Event: 288.441 GC heap after
Heap after GC invocations=44 (full 0):
 PSYoungGen      total 28672K, used 492K [0x0000000782f00000, 0x0000000784d00000, 0x00000007c0000000)
  eden space 27648K, 0% used [0x0000000782f00000,0x0000000782f00000,0x0000000784a00000)
  from space 1024K, 48% used [0x0000000784c00000,0x0000000784c7b010,0x0000000784d00000)
  to   space 1536K, 0% used [0x0000000784a00000,0x0000000784a00000,0x0000000784b80000)
 ParOldGen       total 125952K, used 12111K [0x0000000708c00000, 0x0000000710700000, 0x0000000782f00000)
  object space 125952K, 9% used [0x0000000708c00000,0x00000007097d3eb0,0x0000000710700000)
 Metaspace       used 11576K, capacity 11794K, committed 11904K, reserved 1060864K
  class space    used 1287K, capacity 1390K, committed 1408K, reserved 1048576K
}
Event: 293.603 GC heap before
{Heap before GC invocations=45 (full 0):
 PSYoungGen      total 28672K, used 28060K [0x0000000782f00000, 0x0000000784d00000, 0x00000007c0000000)
  eden space 27648K, 99% used [0x0000000782f00000,0x00000007849ec310,0x0000000784a00000)
  from space 1024K, 48% used [0x0000000784c00000,0x0000000784c7b010,0x0000000784d00000)
  to   space 1536K, 0% used [0x0000000784a00000,0x0000000784a00000,0x0000000784b80000)
 ParOldGen       total 125952K, used 12111K [0x0000000708c00000, 0x0000000710700000, 0x0000000782f00000)
  object space 125952K, 9% used [0x0000000708c00000,0x00000007097d3eb0,0x0000000710700000)
 Metaspace       used 11577K, capacity 11794K, committed 11904K, reserved 1060864K
  class space    used 1287K, capacity 1390K, committed 1408K, reserved 1048576K
Event: 293.605 GC heap after
Heap after GC invocations=45 (full 0):
 PSYoungGen      total 29184K, used 428K [0x0000000782f00000, 0x0000000784d00000, 0x00000007c0000000)
  eden space 27648K, 0% used [0x0000000782f00000,0x0000000782f00000,0x0000000784a00000)
  from space 1536K, 27% used [0x0000000784a00000,0x0000000784a6b010,0x0000000784b80000)
  to   space 1536K, 0% used [0x0000000784b80000,0x0000000784b80000,0x0000000784d00000)
 ParOldGen       total 125952K, used 12127K [0x0000000708c00000, 0x0000000710700000, 0x0000000782f00000)
  object space 125952K, 9% used [0x0000000708c00000,0x00000007097d7eb0,0x0000000710700000)
 Metaspace       used 11577K, capacity 11794K, committed 11904K, reserved 1060864K
  class space    used 1287K, capacity 1390K, committed 1408K, reserved 1048576K
}
Event: 298.262 GC heap before
{Heap before GC invocations=46 (full 0):
 PSYoungGen      total 29184K, used 27844K [0x0000000782f00000, 0x0000000784d00000, 0x00000007c0000000)
  eden space 27648K, 99% used [0x0000000782f00000,0x00000007849c61b8,0x0000000784a00000)
  from space 1536K, 27% used [0x0000000784a00000,0x0000000784a6b010,0x0000000784b80000)
  to   space 1536K, 0% used [0x0000000784b80000,0x0000000784b80000,0x0000000784d00000)
 ParOldGen       total 125952K, used 12127K [0x0000000708c00000, 0x0000000710700000, 0x0000000782f00000)
  object space 125952K, 9% used [0x0000000708c00000,0x00000007097d7eb0,0x0000000710700000)
 Metaspace       used 11585K, capacity 11794K, committed 11904K, reserved 1060864K
  class space    used 1288K, capacity 1390K, committed 1408K, reserved 1048576K
Event: 298.265 GC heap after
Heap after GC invocations=46 (full 0):
 PSYoungGen      total 29184K, used 460K [0x0000000782f00000, 0x0000000784d00000, 0x00000007c0000000)
  eden space 27648K, 0% used [0x0000000782f00000,0x0000000782f00000,0x0000000784a00000)
  from space 1536K, 29% used [0x0000000784b80000,0x0000000784bf3010,0x0000000784d00000)
  to   space 1536K, 0% used [0x0000000784a00000,0x0000000784a00000,0x0000000784b80000)
 ParOldGen       total 125952K, used 12151K [0x0000000708c00000, 0x0000000710700000, 0x0000000782f00000)
  object space 125952K, 9% used [0x0000000708c00000,0x00000007097ddeb0,0x0000000710700000)
 Metaspace       used 11585K, capacity 11794K, committed 11904K, reserved 1060864K
  class space    used 1288K, capacity 1390K, committed 1408K, reserved 1048576K
}

