# JRE version: Java(TM) SE Runtime Environment (8.0_101-b13) (build 1.8.0_101-b13)
# Java VM: Java HotSpot(TM) 64-Bit Server VM (25.101-b13 mixed mode windows-amd64 compressed oops)
Heap:
 PSYoungGen      total 28672K, used 18380K [0x0000000782f00000, 0x0000000784d00000, 0x00000007c0000000)
  eden space 27648K, 63% used [0x0000000782f00000,0x0000000784035050,0x0000000784a00000)
  from space 1024K, 74% used [0x0000000784a00000,0x0000000784abe020,0x0000000784b00000)
  to   space 1536K, 0% used [0x0000000784b80000,0x0000000784b80000,0x0000000784d00000)
 ParOldGen       total 125952K, used 3896K [0x0000000708c00000, 0x0000000710700000, 0x0000000782f00000)
  object space 125952K, 3% used [0x0000000708c00000,0x0000000708fce388,0x0000000710700000)
 Metaspace       used 13475K, capacity 13728K, committed 13952K, reserved 1060864K
  class space    used 1547K, capacity 1647K, committed 1664K, reserved 1048576K
GC Heap History (10 events):
Event: 404.748 GC heap before
{Heap before GC invocations=81 (full 0):
 PSYoungGen      total 29696K, used 28800K [0x0000000782f00000, 0x0000000784e00000, 0x00000007c0000000)
  eden space 27648K, 100% used [0x0000000782f00000,0x0000000784a00000,0x0000000784a00000)
  from space 2048K, 56% used [0x0000000784c00000,0x0000000784d201a0,0x0000000784e00000)
  to   space 2048K, 0% used [0x0000000784a00000,0x0000000784a00000,0x0000000784c00000)
 ParOldGen       total 125952K, used 3792K [0x0000000708c00000, 0x0000000710700000, 0x0000000782f00000)
  object space 125952K, 3% used [0x0000000708c00000,0x0000000708fb4388,0x0000000710700000)
 Metaspace       used 13464K, capacity 13728K, committed 13952K, reserved 1060864K
  class space    used 1545K, capacity 1647K, committed 1664K, reserved 1048576K
Event: 404.750 GC heap after
Heap after GC invocations=81 (full 0):
 PSYoungGen      total 29696K, used 1092K [0x0000000782f00000, 0x0000000784e00000, 0x00000007c0000000)
  eden space 27648K, 0% used [0x0000000782f00000,0x0000000782f00000,0x0000000784a00000)
  from space 2048K, 53% used [0x0000000784a00000,0x0000000784b11030,0x0000000784c00000)
  to   space 2048K, 0% used [0x0000000784c00000,0x0000000784c00000,0x0000000784e00000)
 ParOldGen       total 125952K, used 3816K [0x0000000708c00000, 0x0000000710700000, 0x0000000782f00000)
  object space 125952K, 3% used [0x0000000708c00000,0x0000000708fba388,0x0000000710700000)
 Metaspace       used 13464K, capacity 13728K, committed 13952K, reserved 1060864K
  class space    used 1545K, capacity 1647K, committed 1664K, reserved 1048576K
}
Event: 409.025 GC heap before
{Heap before GC invocations=82 (full 0):
 PSYoungGen      total 29696K, used 28664K [0x0000000782f00000, 0x0000000784e00000, 0x00000007c0000000)
  eden space 27648K, 99% used [0x0000000782f00000,0x00000007849ed200,0x0000000784a00000)
  from space 2048K, 53% used [0x0000000784a00000,0x0000000784b11030,0x0000000784c00000)
  to   space 2048K, 0% used [0x0000000784c00000,0x0000000784c00000,0x0000000784e00000)
 ParOldGen       total 125952K, used 3816K [0x0000000708c00000, 0x0000000710700000, 0x0000000782f00000)
  object space 125952K, 3% used [0x0000000708c00000,0x0000000708fba388,0x0000000710700000)
 Metaspace       used 13464K, capacity 13728K, committed 13952K, reserved 1060864K
  class space    used 1545K, capacity 1647K, committed 1664K, reserved 1048576K
Event: 409.028 GC heap after
Heap after GC invocations=82 (full 0):
 PSYoungGen      total 29696K, used 1092K [0x0000000782f00000, 0x0000000784e00000, 0x00000007c0000000)
  eden space 27648K, 0% used [0x0000000782f00000,0x0000000782f00000,0x0000000784a00000)
  from space 2048K, 53% used [0x0000000784c00000,0x0000000784d11278,0x0000000784e00000)
  to   space 2048K, 0% used [0x0000000784a00000,0x0000000784a00000,0x0000000784c00000)
 ParOldGen       total 125952K, used 3832K [0x0000000708c00000, 0x0000000710700000, 0x0000000782f00000)
  object space 125952K, 3% used [0x0000000708c00000,0x0000000708fbe388,0x0000000710700000)
 Metaspace       used 13464K, capacity 13728K, committed 13952K, reserved 1060864K
  class space    used 1545K, capacity 1647K, committed 1664K, reserved 1048576K
}
Event: 413.434 GC heap before
{Heap before GC invocations=83 (full 0):
 PSYoungGen      total 29696K, used 28566K [0x0000000782f00000, 0x0000000784e00000, 0x00000007c0000000)
  eden space 27648K, 99% used [0x0000000782f00000,0x00000007849d46f0,0x0000000784a00000)
  from space 2048K, 53% used [0x0000000784c00000,0x0000000784d11278,0x0000000784e00000)
  to   space 2048K, 0% used [0x0000000784a00000,0x0000000784a00000,0x0000000784c00000)
 ParOldGen       total 125952K, used 3832K [0x0000000708c00000, 0x0000000710700000, 0x0000000782f00000)
  object space 125952K, 3% used [0x0000000708c00000,0x0000000708fbe388,0x0000000710700000)
 Metaspace       used 13464K, capacity 13728K, committed 13952K, reserved 1060864K
  class space    used 1545K, capacity 1647K, committed 1664K, reserved 1048576K
Event: 413.435 GC heap after
Heap after GC invocations=83 (full 0):
 PSYoungGen      total 29696K, used 1060K [0x0000000782f00000, 0x0000000784e00000, 0x00000007c0000000)
  eden space 27648K, 0% used [0x0000000782f00000,0x0000000782f00000,0x0000000784a00000)
  from space 2048K, 51% used [0x0000000784a00000,0x0000000784b09030,0x0000000784c00000)
  to   space 2048K, 0% used [0x0000000784c00000,0x0000000784c00000,0x0000000784e00000)
 ParOldGen       total 125952K, used 3856K [0x0000000708c00000, 0x0000000710700000, 0x0000000782f00000)
  object space 125952K, 3% used [0x0000000708c00000,0x0000000708fc4388,0x0000000710700000)
 Metaspace       used 13464K, capacity 13728K, committed 13952K, reserved 1060864K
  class space    used 1545K, capacity 1647K, committed 1664K, reserved 1048576K
}
Event: 417.744 GC heap before
{Heap before GC invocations=84 (full 0):
 PSYoungGen      total 29696K, used 28708K [0x0000000782f00000, 0x0000000784e00000, 0x00000007c0000000)
  eden space 27648K, 100% used [0x0000000782f00000,0x0000000784a00000,0x0000000784a00000)
  from space 2048K, 51% used [0x0000000784a00000,0x0000000784b09030,0x0000000784c00000)
  to   space 2048K, 0% used [0x0000000784c00000,0x0000000784c00000,0x0000000784e00000)
 ParOldGen       total 125952K, used 3856K [0x0000000708c00000, 0x0000000710700000, 0x0000000782f00000)
  object space 125952K, 3% used [0x0000000708c00000,0x0000000708fc4388,0x0000000710700000)
 Metaspace       used 13464K, capacity 13728K, committed 13952K, reserved 1060864K
  class space    used 1545K, capacity 1647K, committed 1664K, reserved 1048576K
Event: 417.746 GC heap after
Heap after GC invocations=84 (full 0):
 PSYoungGen      total 29696K, used 1028K [0x0000000782f00000, 0x0000000784e00000, 0x00000007c0000000)
  eden space 27648K, 0% used [0x0000000782f00000,0x0000000782f00000,0x0000000784a00000)
  from space 2048K, 50% used [0x0000000784c00000,0x0000000784d01030,0x0000000784e00000)
  to   space 2048K, 0% used [0x0000000784a00000,0x0000000784a00000,0x0000000784c00000)
 ParOldGen       total 125952K, used 3872K [0x0000000708c00000, 0x0000000710700000, 0x0000000782f00000)
  object space 125952K, 3% used [0x0000000708c00000,0x0000000708fc8388,0x0000000710700000)
 Metaspace       used 13464K, capacity 13728K, committed 13952K, reserved 1060864K
  class space    used 1545K, capacity 1647K, committed 1664K, reserved 1048576K
}
Event: 421.989 GC heap before
{Heap before GC invocations=85 (full 0):
 PSYoungGen      total 29696K, used 28676K [0x0000000782f00000, 0x0000000784e00000, 0x00000007c0000000)
  eden space 27648K, 100% used [0x0000000782f00000,0x0000000784a00000,0x0000000784a00000)
  from space 2048K, 50% used [0x0000000784c00000,0x0000000784d01030,0x0000000784e00000)
  to   space 2048K, 0% used [0x0000000784a00000,0x0000000784a00000,0x0000000784c00000)
 ParOldGen       total 125952K, used 3872K [0x0000000708c00000, 0x0000000710700000, 0x0000000782f00000)
  object space 125952K, 3% used [0x0000000708c00000,0x0000000708fc8388,0x0000000710700000)
 Metaspace       used 13464K, capacity 13728K, committed 13952K, reserved 1060864K
  class space    used 1545K, capacity 1647K, committed 1664K, reserved 1048576K
Event: 421.990 GC heap after
Heap after GC invocations=85 (full 0):
 PSYoungGen      total 28672K, used 760K [0x0000000782f00000, 0x0000000784d00000, 0x00000007c0000000)
  eden space 27648K, 0% used [0x0000000782f00000,0x0000000782f00000,0x0000000784a00000)
  from space 1024K, 74% used [0x0000000784a00000,0x0000000784abe020,0x0000000784b00000)
  to   space 1536K, 0% used [0x0000000784b80000,0x0000000784b80000,0x0000000784d00000)
 ParOldGen       total 125952K, used 3896K [0x0000000708c00000, 0x0000000710700000, 0x0000000782f00000)
  object space 125952K, 3% used [0x0000000708c00000,0x0000000708fce388,0x0000000710700000)
 Metaspace       used 13464K, capacity 13728K, committed 13952K, reserved 1060864K
  class space    used 1545K, capacity 1647K, committed 1664K, reserved 1048576K
}

